node   1  (   0,    0) (   3,    3) (   4,    4) (   2,    2) (   0,    0) (   0,    0) (   1,    0) (   5,    0) (   5,    4) (   5,    3)
          (   0,    0) (   1,    1) (   1,    1) (   0,    0) (   0,    2) (   3,    1) (   0,    1) (   0,    0) (   1,    1) (   0,    3)
          (   2,    0) (   0,    0) (   0,    0) (   0,    0) (   5,    0) (   3,    3) (   0,    1) (   0,    1) (   0,    1) (   0,    1)
          (   0,    2) (   1,    1) (   0,    2) (   0,    0) (   0,    0) (   0,    1) (   0,    1) (   0,    2) (   2,    4) (   0,    0)
          (   0,    0) (   0,    0) (   0,    0) (   5,    0) (   2,    4) (   1,    1) (   1,    0) (   2,    0) (   1,    0) (   3,    0)
          (   5,    1) (   5,    0) (   0,    2) (   0,    0) (   0,    0) (   0,    0) (   0,    0) (   3,    1) (   3,    0) (   1,    1)
          (   2,    0) (   1,    0) (   1,    1) (   1,    1) (   0,    1) (   0,    1) (   1,    1) (   1,    2) (   1,    0) (   0,    2)
          (   0,    0) (   0,    0) (   0,    2) (   1,    1) (   1,    2) (   0,    3) (   0,    1) (   2,    2) (   1,    0) (   1,    1)
          (   5,    0) (   1,    0) (   0,    1) (   2,    3) (   1,    0) (   0,    1) (   0,    0) (   1,    0) (   5,    0) (   0,    2)
          (   0,    0) (   0,    0) (   0,    1) (   0,    0) (   0,    1) (   1,    4) (   0,    2) (   0,    1) (   0,    1) (   2,    0)
          (   0,    1) (   0,    0) (   0,    0) (   0,    0) (   0,    0) (   0,    0) (   0,    0) (   0,    0) (   0,    0) (   0,    0)
          (   0,    0) (   0,    0) (   0,    0) (   0,    0) (   0,    0) (   0,    0) (   0,    0) (   0,    0) (   0,    0) (   0,    0)
          (   0,    0) (   0,    0) (   0,    0) (   0,    0) (   0,    0) (   0,    0) (   0,    0) (   0,    0) (   0,    0) (   0,    0)
          (   0,    0) (   0,    0) (   0,    0) (   0,    0) (   0,    0) (   0,    0) (   0,    0) (   0,    0) (   0,    0) (   0,    0)
          (   0,    0) (   0,    0) (   0,    0) (   0,    0) (   0,    0) (   0,    0) (   0,    0) (   0,    0) (   0,    0) (   0,    0)
          (   0,    0) (   0,    0) (   0,    0) (   0,    0) (   0,    0) (   0,    0) (   0,    0) (   0,    0) (   0,    0) (   0,    0)
          (   0,    0) (   0,    0) (   0,    0) (   0,    0) (   0,    0) (   0,    0) (   0,    0) (   0,    0) (   0,    0) (   0,    0)
          (   0,    0) (   0,    0) (   0,    0) (   0,    0) (   0,    0) (   0,    0) (   0,    0) (   0,    0) (   0,    0) (   0,    0)
          (   0,    0) (   0,    0) (   0,    0) (   0,    0) (   0,    0) (   0,    0) (   0,    0) (   0,    0) (   0,    0) (   0,    0)
          (   0,    0) (   0,    0) (   0,    0) (   0,    0) (   0,    0) (   0,    0) (   0,    0) (   0,    0) (   0,    0) (   0,    0)
          (   0,    0) (   0,    0) (   0,    0) (   0,    0) (   0,    0) (   0,    0) (   0,    0) (   0,    0) (   0,    0) (   0,    0)
          (   0,    0) (   0,    0) (   0,    0) (   0,    0) (   0,    0) (   0,    0) (   0,    0) (   0,    0) (   0,    0) (   0,    0)
          (   0,    0) (   0,    0) (   0,    0) (   0,    0) (   0,    0) (   0,    0) (   0,    0) (   0,    0) (   0,    0) (   0,    0)
          (   0,    0) (   0,    0) (   0,    0) (   0,    0) (   0,    0) (   0,    0) (   0,    0) (   0,    0) (   0,    0) (   0,    0)
          (   0,    0) (   0,    0) (   0,    0) (   0,    0) (   0,    0) (   0,    0) (   0,    0) (   0,    0) (   0,    0) (   0,    0)
          (   0,    0) (   0,    0) (   0,    0) (   0,    0) (   0,    0) (   0,    0) (   0,    0) (   0,    0) (   0,    0) (   0,    0)
          (   0,    0) (   0,    0) (   0,    0) (   0,    0) (   0,    0) (   0,    0) (   0,    0) (   0,    0) (   0,    0) (   0,    0)
          (   0,    0) (   0,    0) (   0,    0) (   0,    0) (   0,    0) (   0,    0) (   0,    0) (   0,    0) (   0,    0) (   0,    0)
          (   0,    0) (   0,    0) (   0,    0) (   0,    0) (   0,    0) (   0,    0) (   0,    0) (   0,    0) (   0,    0) (   0,    0)
          (   0,    0) (   0,    0) (   0,    0) (   0,    0) (   0,    0) (   0,    0) (   0,    0) (   0,    0) (   0,    0) (   0,    0)
          (   0,    0) (   0,    0) (   0,    0) (   0,    0) (   0,    0) (   0,    0) (   0,    0) (   0,    0) (   0,    0) (   0,    0)
          (   0,    0) (   0,    0) (   0,    0) (   0,    0) (   0,    0) (   0,    0) (   0,    0) (   0,    0) (   0,    0) (   0,    0)
          (   0,    0) (   0,    0) (   0,    0) (   0,    0) (   0,    0) (   0,    0) (   0,    0) (   0,    0) (   0,    0) (   0,    0)
          (   0,    0) (   0,    0) (   0,    0) (   0,    0) (   0,    0) (   0,    0) (   0,    0) (   0,    0) (   0,    0) (   0,    0)
          (   0,    0) (   0,    0) (   0,    0) (   0,    0) (   0,    0) (   0,    0) (   0,    0) (   0,    0) (   0,    0) (   0,    0)
          (   0,    0) (   0,    0) (   0,    0) (   0,    0) (   0,    0) (   0,    0) (   0,    0) (   0,    0) (   0,    0) (   0,    0)
          (   0,    0) (   0,    0) (   0,    0) (   0,    0) (   0,    0) (   0,    0) (   0,    0) (   0,    0) (   0,    0) (   0,    0)
          (   0,    0) (   0,    0) (   0,    0) (   0,    0) (   0,    0) (   0,    0) (   0,    0) (   0,    0) (   0,    0) (   0,    0)
          (   0,    0) (   0,    0) (   0,    0) (   0,    0) (   0,    0) (   0,    0) (   0,    0) (   0,    0) (   0,    0) (   0,    0)
          (   0,    0) (   0,    0) (   0,    0) (   0,    0) (   0,    0) (   0,    0) (   0,    0) (   0,    0) (   0,    0) (   0,    0)
          (   0,    0) (   0,    0) (   0,    0) (   0,    0) (   0,    0) (   0,    0) (   0,    0) (   0,    0) (   0,    0) (   0,    0)
          (   0,    0) (   0,    0) (   0,    0) (   0,    0) (   0,    0) (   0,    0) (   0,    0) (   0,    0) (   0,    0) (   0,    0)
          (   0,    0) (   0,    0) (   0,    0) (   0,    0) (   0,    0) (   0,    0) (   0,    0) (   0,    0) (   0,    0) (   0,    0)
          (   0,    0) (   0,    0) (   0,    0) (   0,    0) (   0,    0) (   0,    0) (   0,    0) (   0,    0) (   0,    0) (   0,    0)
          (   0,    0) (   0,    0) (   0,    0) (   0,    0) (   0,    0) (   0,    0) (   0,    0) (   0,    0) (   0,    0) (   0,    0)
          (   0,    0) (   0,    0) (   0,    0) (   0,    0) (   0,    0) (   0,    0) (   0,    0) (   0,    0) (   0,    0) (   0,    0)
          (   0,    0) (   0,    0) (   0,    0) (   0,    0) (   0,    0) (   0,    0) (   0,    0) (   0,    0) (   0,    0) (   0,    0)
          (   0,    0) (   0,    0) (   0,    0) (   0,    0) (   0,    0) (   0,    0) (   0,    0) (   0,    0) (   0,    0) (   0,    0)
          (   0,    0) (   0,    0) (   0,    0) (   0,    0) (   0,    0) (   0,    0) (   0,    0) (   0,    0) (   0,    0) (   0,    0)
          (   0,    0) (   0,    0) (   0,    0) (   0,    0) (   0,    0) (   0,    0) (   0,    0) (   0,    0) (   0,    0) (   0,    0)
          (   0,    0) (   0,    0) (   0,    0) (   0,    0) (   0,    0) (   0,    0) (   0,    0) (   0,    0) (   0,    0) (   0,    0)
          (   0,    0) (   0,    0) (   0,    0) (   0,    0) (   0,    0) (   0,    0) (   0,    0) (   0,    0) (   0,    0) (   0,    0)
          (   0,    0) (   0,    0) (   0,    0) (   0,    0) (   0,    0) (   0,    0) (   0,    0) (   0,    0) (   0,    0) (   0,    0)
          (   0,    0) (   0,    0) (   0,    0) (   0,    0) (   0,    0) (   0,    0) (   0,    0) (   0,    0) (   0,    0) (   0,    0)
          (   0,    0) (   0,    0) (   0,    0) (   0,    0) (   0,    0) (   0,    0) (   0,    0) (   0,    0) (   0,    0) (   0,    0)
          (   0,    0) (   0,    0) (   0,    0) (   0,    0) (   0,    0) (   0,    0) (   0,    0) (   0,    0) (   0,    0) (   0,    0)
          (   0,    0) (   0,    0) (   0,    0) (   0,    0) (   0,    0) (   0,    0) (   0,    0) (   0,    0) (   0,    0) (   0,    0)
          (   0,    0) (   0,    0) (   0,    0) (   0,    0) (   0,    0) (   0,    0) (   0,    0) (   0,    0) (   0,    0) (   0,    0)
          (   0,    0) (   0,    0) (   0,    0) (   0,    0) (   0,    0) (   0,    0) (   0,    0) (   0,    0) (   0,    0) (   0,    0)
          (   0,    0) (   0,    0) (   0,    0) (   0,    0) (   0,    0) (   0,    0) (   0,    0) (   0,    0) (   0,    0) (   0,    0)
          (   0,    0) (   0,    0) (   0,    0) (   0,    0) (   0,    0) (   0,    0) (   0,    0) (   0,    0) (   0,    0) (   0,    0)
          (   0,    0) (   0,    0) (   0,    0) (   0,    0) (   0,    0) (   0,    0) (   0,    0) (   0,    0) (   0,    0) (   0,    0)
          (   0,    0) (   0,    0) (   0,    0) (   0,    0) (   0,    0) (   0,    0) (   0,    0) (   0,    0) (   0,    0) (   0,    0)
          (   0,    0) (   0,    0) (   0,    0) (   0,    0) (   0,    0) (   0,    0) (   0,    0) (   0,    0) (   0,    0) (   0,    0)
          (   0,    0) (   0,    0) (   0,    0) (   0,    0) (   0,    0) (   0,    0) (   0,    0) (   0,    0) (   0,    0) (   0,    0)
          (   0,    0) (   0,    0) (   0,    0) (   0,    0) (   0,    0) (   0,    0) (   0,    0) (   0,    0) (   0,    0) (   0,    0)
          (   0,    0) (   0,    0) (   0,    0) (   0,    0) (   0,    0) (   0,    0) (   0,    0) (   0,    0) (   0,    0) (   0,    0)
          (   0,    0) (   0,    0) (   0,    0) (   0,    0) (   0,    0) (   0,    0) (   0,    0) (   0,    0) (   0,    0) (   0,    0)
          (   0,    0) (   0,    0) (   0,    0) (   0,    0) (   0,    0) (   0,    0) (   0,    0) (   0,    0) (   0,    0) (   0,    0)
          (   0,    0) (   0,    0) (   0,    0) (   0,    0) (   0,    0) (   0,    0) (   0,    0) (   0,    0) (   0,    0) (   0,    0)
         
node   1 sent_total    108  recv_total     95

node   2  (   1,    0) (   0,    0) (   0,    1) (   0,    0) (   0,    0) (   0,    0) (   0,    0) (   2,    0) (   0,    2) (   0,    1)
          (   0,    0) (   0,    0) (   0,    0) (   0,    1) (   0,    0) (   0,    1) (   0,    0) (   0,    1) (   1,    0) (   0,    2)
          (   0,    0) (   0,    0) (   0,    2) (   0,    2) (   0,    0) (   1,    2) (   0,    0) (   3,    0) (   0,    0) (   1,    0)
          (   2,    1) (   5,    1) (   0,    3) (   0,    1) (   0,    2) (   0,    1) (   0,    1) (   0,    0) (   2,    1) (   0,    0)
          (   0,    1) (   1,    0) (   0,    0) (   2,    0) (   0,    1) (   0,    2) (   0,    1) (   0,    0) (   0,    1) (   0,    1)
          (   1,    1) (   1,    3) (   0,    2) (   0,    2) (   0,    1) (   0,    0) (   0,    0) (   2,    2) (   1,    2) (   1,    1)
          (   0,    2) (   0,    1) (   0,    0) (   0,    1) (   0,    2) (   1,    0) (   1,    1) (   0,    1) (   0,    1) (   0,    0)
          (   0,    3) (   0,    0) (   2,    1) (   0,    1) (   0,    0) (   3,    0) (   1,    1) (   0,    1) (   2,    0) (   1,    2)
          (   1,    2) (   3,    1) (   5,    0) (   2,    0) (   0,    1) (   0,    1) (   0,    1) (   0,    0) (   0,    0) (   1,    2)
          (   1,    1) (   4,    0) (   1,    0) (   4,    1) (   5,    0) (   2,    0) (   1,    1) (   0,    2) (   0,    0) (   0,    1)
          (   0,    1) (   0,    0) (   0,    0) (   0,    0) (   0,    0) (   0,    0) (   0,    0) (   0,    0) (   0,    0) (   0,    0)
          (   0,    0) (   0,    0) (   0,    0) (   0,    0) (   0,    0) (   0,    0) (   0,    0) (   0,    0) (   0,    0) (   0,    0)
          (   0,    0) (   0,    0) (   0,    0) (   0,    0) (   0,    0) (   0,    0) (   0,    0) (   0,    0) (   0,    0) (   0,    0)
          (   0,    0) (   0,    0) (   0,    0) (   0,    0) (   0,    0) (   0,    0) (   0,    0) (   0,    0) (   0,    0) (   0,    0)
          (   0,    0) (   0,    0) (   0,    0) (   0,    0) (   0,    0) (   0,    0) (   0,    0) (   0,    0) (   0,    0) (   0,    0)
          (   0,    0) (   0,    0) (   0,    0) (   0,    0) (   0,    0) (   0,    0) (   0,    0) (   0,    0) (   0,    0) (   0,    0)
          (   0,    0) (   0,    0) (   0,    0) (   0,    0) (   0,    0) (   0,    0) (   0,    0) (   0,    0) (   0,    0) (   0,    0)
          (   0,    0) (   0,    0) (   0,    0) (   0,    0) (   0,    0) (   0,    0) (   0,    0) (   0,    0) (   0,    0) (   0,    0)
          (   0,    0) (   0,    0) (   0,    0) (   0,    0) (   0,    0) (   0,    0) (   0,    0) (   0,    0) (   0,    0) (   0,    0)
          (   0,    0) (   0,    0) (   0,    0) (   0,    0) (   0,    0) (   0,    0) (   0,    0) (   0,    0) (   0,    0) (   0,    0)
          (   0,    0) (   0,    0) (   0,    0) (   0,    0) (   0,    0) (   0,    0) (   0,    0) (   0,    0) (   0,    0) (   0,    0)
          (   0,    0) (   0,    0) (   0,    0) (   0,    0) (   0,    0) (   0,    0) (   0,    0) (   0,    0) (   0,    0) (   0,    0)
          (   0,    0) (   0,    0) (   0,    0) (   0,    0) (   0,    0) (   0,    0) (   0,    0) (   0,    0) (   0,    0) (   0,    0)
          (   0,    0) (   0,    0) (   0,    0) (   0,    0) (   0,    0) (   0,    0) (   0,    0) (   0,    0) (   0,    0) (   0,    0)
          (   0,    0) (   0,    0) (   0,    0) (   0,    0) (   0,    0) (   0,    0) (   0,    0) (   0,    0) (   0,    0) (   0,    0)
          (   0,    0) (   0,    0) (   0,    0) (   0,    0) (   0,    0) (   0,    0) (   0,    0) (   0,    0) (   0,    0) (   0,    0)
          (   0,    0) (   0,    0) (   0,    0) (   0,    0) (   0,    0) (   0,    0) (   0,    0) (   0,    0) (   0,    0) (   0,    0)
          (   0,    0) (   0,    0) (   0,    0) (   0,    0) (   0,    0) (   0,    0) (   0,    0) (   0,    0) (   0,    0) (   0,    0)
          (   0,    0) (   0,    0) (   0,    0) (   0,    0) (   0,    0) (   0,    0) (   0,    0) (   0,    0) (   0,    0) (   0,    0)
          (   0,    0) (   0,    0) (   0,    0) (   0,    0) (   0,    0) (   0,    0) (   0,    0) (   0,    0) (   0,    0) (   0,    0)
          (   0,    0) (   0,    0) (   0,    0) (   0,    0) (   0,    0) (   0,    0) (   0,    0) (   0,    0) (   0,    0) (   0,    0)
          (   0,    0) (   0,    0) (   0,    0) (   0,    0) (   0,    0) (   0,    0) (   0,    0) (   0,    0) (   0,    0) (   0,    0)
          (   0,    0) (   0,    0) (   0,    0) (   0,    0) (   0,    0) (   0,    0) (   0,    0) (   0,    0) (   0,    0) (   0,    0)
          (   0,    0) (   0,    0) (   0,    0) (   0,    0) (   0,    0) (   0,    0) (   0,    0) (   0,    0) (   0,    0) (   0,    0)
          (   0,    0) (   0,    0) (   0,    0) (   0,    0) (   0,    0) (   0,    0) (   0,    0) (   0,    0) (   0,    0) (   0,    0)
          (   0,    0) (   0,    0) (   0,    0) (   0,    0) (   0,    0) (   0,    0) (   0,    0) (   0,    0) (   0,    0) (   0,    0)
          (   0,    0) (   0,    0) (   0,    0) (   0,    0) (   0,    0) (   0,    0) (   0,    0) (   0,    0) (   0,    0) (   0,    0)
          (   0,    0) (   0,    0) (   0,    0) (   0,    0) (   0,    0) (   0,    0) (   0,    0) (   0,    0) (   0,    0) (   0,    0)
          (   0,    0) (   0,    0) (   0,    0) (   0,    0) (   0,    0) (   0,    0) (   0,    0) (   0,    0) (   0,    0) (   0,    0)
          (   0,    0) (   0,    0) (   0,    0) (   0,    0) (   0,    0) (   0,    0) (   0,    0) (   0,    0) (   0,    0) (   0,    0)
          (   0,    0) (   0,    0) (   0,    0) (   0,    0) (   0,    0) (   0,    0) (   0,    0) (   0,    0) (   0,    0) (   0,    0)
          (   0,    0) (   0,    0) (   0,    0) (   0,    0) (   0,    0) (   0,    0) (   0,    0) (   0,    0) (   0,    0) (   0,    0)
          (   0,    0) (   0,    0) (   0,    0) (   0,    0) (   0,    0) (   0,    0) (   0,    0) (   0,    0) (   0,    0) (   0,    0)
          (   0,    0) (   0,    0) (   0,    0) (   0,    0) (   0,    0) (   0,    0) (   0,    0) (   0,    0) (   0,    0) (   0,    0)
          (   0,    0) (   0,    0) (   0,    0) (   0,    0) (   0,    0) (   0,    0) (   0,    0) (   0,    0) (   0,    0) (   0,    0)
          (   0,    0) (   0,    0) (   0,    0) (   0,    0) (   0,    0) (   0,    0) (   0,    0) (   0,    0) (   0,    0) (   0,    0)
          (   0,    0) (   0,    0) (   0,    0) (   0,    0) (   0,    0) (   0,    0) (   0,    0) (   0,    0) (   0,    0) (   0,    0)
          (   0,    0) (   0,    0) (   0,    0) (   0,    0) (   0,    0) (   0,    0) (   0,    0) (   0,    0) (   0,    0) (   0,    0)
          (   0,    0) (   0,    0) (   0,    0) (   0,    0) (   0,    0) (   0,    0) (   0,    0) (   0,    0) (   0,    0) (   0,    0)
          (   0,    0) (   0,    0) (   0,    0) (   0,    0) (   0,    0) (   0,    0) (   0,    0) (   0,    0) (   0,    0) (   0,    0)
          (   0,    0) (   0,    0) (   0,    0) (   0,    0) (   0,    0) (   0,    0) (   0,    0) (   0,    0) (   0,    0) (   0,    0)
          (   0,    0) (   0,    0) (   0,    0) (   0,    0) (   0,    0) (   0,    0) (   0,    0) (   0,    0) (   0,    0) (   0,    0)
          (   0,    0) (   0,    0) (   0,    0) (   0,    0) (   0,    0) (   0,    0) (   0,    0) (   0,    0) (   0,    0) (   0,    0)
          (   0,    0) (   0,    0) (   0,    0) (   0,    0) (   0,    0) (   0,    0) (   0,    0) (   0,    0) (   0,    0) (   0,    0)
          (   0,    0) (   0,    0) (   0,    0) (   0,    0) (   0,    0) (   0,    0) (   0,    0) (   0,    0) (   0,    0) (   0,    0)
          (   0,    0) (   0,    0) (   0,    0) (   0,    0) (   0,    0) (   0,    0) (   0,    0) (   0,    0) (   0,    0) (   0,    0)
          (   0,    0) (   0,    0) (   0,    0) (   0,    0) (   0,    0) (   0,    0) (   0,    0) (   0,    0) (   0,    0) (   0,    0)
          (   0,    0) (   0,    0) (   0,    0) (   0,    0) (   0,    0) (   0,    0) (   0,    0) (   0,    0) (   0,    0) (   0,    0)
          (   0,    0) (   0,    0) (   0,    0) (   0,    0) (   0,    0) (   0,    0) (   0,    0) (   0,    0) (   0,    0) (   0,    0)
          (   0,    0) (   0,    0) (   0,    0) (   0,    0) (   0,    0) (   0,    0) (   0,    0) (   0,    0) (   0,    0) (   0,    0)
          (   0,    0) (   0,    0) (   0,    0) (   0,    0) (   0,    0) (   0,    0) (   0,    0) (   0,    0) (   0,    0) (   0,    0)
          (   0,    0) (   0,    0) (   0,    0) (   0,    0) (   0,    0) (   0,    0) (   0,    0) (   0,    0) (   0,    0) (   0,    0)
          (   0,    0) (   0,    0) (   0,    0) (   0,    0) (   0,    0) (   0,    0) (   0,    0) (   0,    0) (   0,    0) (   0,    0)
          (   0,    0) (   0,    0) (   0,    0) (   0,    0) (   0,    0) (   0,    0) (   0,    0) (   0,    0) (   0,    0) (   0,    0)
          (   0,    0) (   0,    0) (   0,    0) (   0,    0) (   0,    0) (   0,    0) (   0,    0) (   0,    0) (   0,    0) (   0,    0)
          (   0,    0) (   0,    0) (   0,    0) (   0,    0) (   0,    0) (   0,    0) (   0,    0) (   0,    0) (   0,    0) (   0,    0)
          (   0,    0) (   0,    0) (   0,    0) (   0,    0) (   0,    0) (   0,    0) (   0,    0) (   0,    0) (   0,    0) (   0,    0)
          (   0,    0) (   0,    0) (   0,    0) (   0,    0) (   0,    0) (   0,    0) (   0,    0) (   0,    0) (   0,    0) (   0,    0)
          (   0,    0) (   0,    0) (   0,    0) (   0,    0) (   0,    0) (   0,    0) (   0,    0) (   0,    0) (   0,    0) (   0,    0)
          (   0,    0) (   0,    0) (   0,    0) (   0,    0) (   0,    0) (   0,    0) (   0,    0) (   0,    0) (   0,    0) (   0,    0)
         
node   2 sent_total     68  recv_total     80

node   3  (   1,    0) (   0,    0) (   0,    1) (   0,    0) (   0,    0) (   0,    0) (   0,    0) (   0,    0) (   2,    1) (   0,    3)
          (   0,    2) (   0,    0) (   0,    1) (   0,    0) (   0,    1) (   0,    1) (   0,    4) (   1,    1) (   4,    1) (   1,    2)
          (   1,    0) (   2,    0) (   5,    0) (   0,    0) (   5,    0) (   1,    1) (   1,    2) (   0,    0) (   0,    0) (   1,    0)
          (   0,    1) (   0,    2) (   0,    1) (   0,    0) (   0,    0) (   0,    0) (   0,    2) (   1,    1) (   0,    0) (   0,    2)
          (   0,    0) (   0,    0) (   0,    0) (   0,    0) (   5,    0) (   0,    2) (   0,    2) (   0,    1) (   0,    0) (   0,    0)
          (   0,    0) (   0,    2) (   4,    0) (   3,    0) (   0,    0) (   0,    0) (   5,    1) (   5,    0) (   0,    0) (   0,    1)
          (   0,    1) (   0,    0) (   1,    1) (   2,    1) (   0,    1) (   0,    0) (   4,    0) (   3,    1) (   0,    0) (   1,    0)
          (   5,    1) (   5,    0) (   0,    1) (   0,    1) (   0,    1) (   0,    1) (   0,    0) (   0,    1) (   0,    0) (   3,    0)
          (   0,    1) (   0,    1) (   1,    1) (   1,    0) (   1,    0) (   0,    0) (   1,    0) (   2,    1) (   5,    0) (   1,    2)
          (   1,    0) (   0,    0) (   0,    0) (   0,    1) (   1,    0) (   0,    1) (   0,    4) (   1,    0) (   0,    1) (   0,    0)
          (   1,    1) (   0,    0) (   0,    0) (   0,    0) (   0,    0) (   0,    0) (   0,    0) (   0,    0) (   0,    0) (   0,    0)
          (   0,    0) (   0,    0) (   0,    0) (   0,    0) (   0,    0) (   0,    0) (   0,    0) (   0,    0) (   0,    0) (   0,    0)
          (   0,    0) (   0,    0) (   0,    0) (   0,    0) (   0,    0) (   0,    0) (   0,    0) (   0,    0) (   0,    0) (   0,    0)
          (   0,    0) (   0,    0) (   0,    0) (   0,    0) (   0,    0) (   0,    0) (   0,    0) (   0,    0) (   0,    0) (   0,    0)
          (   0,    0) (   0,    0) (   0,    0) (   0,    0) (   0,    0) (   0,    0) (   0,    0) (   0,    0) (   0,    0) (   0,    0)
          (   0,    0) (   0,    0) (   0,    0) (   0,    0) (   0,    0) (   0,    0) (   0,    0) (   0,    0) (   0,    0) (   0,    0)
          (   0,    0) (   0,    0) (   0,    0) (   0,    0) (   0,    0) (   0,    0) (   0,    0) (   0,    0) (   0,    0) (   0,    0)
          (   0,    0) (   0,    0) (   0,    0) (   0,    0) (   0,    0) (   0,    0) (   0,    0) (   0,    0) (   0,    0) (   0,    0)
          (   0,    0) (   0,    0) (   0,    0) (   0,    0) (   0,    0) (   0,    0) (   0,    0) (   0,    0) (   0,    0) (   0,    0)
          (   0,    0) (   0,    0) (   0,    0) (   0,    0) (   0,    0) (   0,    0) (   0,    0) (   0,    0) (   0,    0) (   0,    0)
          (   0,    0) (   0,    0) (   0,    0) (   0,    0) (   0,    0) (   0,    0) (   0,    0) (   0,    0) (   0,    0) (   0,    0)
          (   0,    0) (   0,    0) (   0,    0) (   0,    0) (   0,    0) (   0,    0) (   0,    0) (   0,    0) (   0,    0) (   0,    0)
          (   0,    0) (   0,    0) (   0,    0) (   0,    0) (   0,    0) (   0,    0) (   0,    0) (   0,    0) (   0,    0) (   0,    0)
          (   0,    0) (   0,    0) (   0,    0) (   0,    0) (   0,    0) (   0,    0) (   0,    0) (   0,    0) (   0,    0) (   0,    0)
          (   0,    0) (   0,    0) (   0,    0) (   0,    0) (   0,    0) (   0,    0) (   0,    0) (   0,    0) (   0,    0) (   0,    0)
          (   0,    0) (   0,    0) (   0,    0) (   0,    0) (   0,    0) (   0,    0) (   0,    0) (   0,    0) (   0,    0) (   0,    0)
          (   0,    0) (   0,    0) (   0,    0) (   0,    0) (   0,    0) (   0,    0) (   0,    0) (   0,    0) (   0,    0) (   0,    0)
          (   0,    0) (   0,    0) (   0,    0) (   0,    0) (   0,    0) (   0,    0) (   0,    0) (   0,    0) (   0,    0) (   0,    0)
          (   0,    0) (   0,    0) (   0,    0) (   0,    0) (   0,    0) (   0,    0) (   0,    0) (   0,    0) (   0,    0) (   0,    0)
          (   0,    0) (   0,    0) (   0,    0) (   0,    0) (   0,    0) (   0,    0) (   0,    0) (   0,    0) (   0,    0) (   0,    0)
          (   0,    0) (   0,    0) (   0,    0) (   0,    0) (   0,    0) (   0,    0) (   0,    0) (   0,    0) (   0,    0) (   0,    0)
          (   0,    0) (   0,    0) (   0,    0) (   0,    0) (   0,    0) (   0,    0) (   0,    0) (   0,    0) (   0,    0) (   0,    0)
          (   0,    0) (   0,    0) (   0,    0) (   0,    0) (   0,    0) (   0,    0) (   0,    0) (   0,    0) (   0,    0) (   0,    0)
          (   0,    0) (   0,    0) (   0,    0) (   0,    0) (   0,    0) (   0,    0) (   0,    0) (   0,    0) (   0,    0) (   0,    0)
          (   0,    0) (   0,    0) (   0,    0) (   0,    0) (   0,    0) (   0,    0) (   0,    0) (   0,    0) (   0,    0) (   0,    0)
          (   0,    0) (   0,    0) (   0,    0) (   0,    0) (   0,    0) (   0,    0) (   0,    0) (   0,    0) (   0,    0) (   0,    0)
          (   0,    0) (   0,    0) (   0,    0) (   0,    0) (   0,    0) (   0,    0) (   0,    0) (   0,    0) (   0,    0) (   0,    0)
          (   0,    0) (   0,    0) (   0,    0) (   0,    0) (   0,    0) (   0,    0) (   0,    0) (   0,    0) (   0,    0) (   0,    0)
          (   0,    0) (   0,    0) (   0,    0) (   0,    0) (   0,    0) (   0,    0) (   0,    0) (   0,    0) (   0,    0) (   0,    0)
          (   0,    0) (   0,    0) (   0,    0) (   0,    0) (   0,    0) (   0,    0) (   0,    0) (   0,    0) (   0,    0) (   0,    0)
          (   0,    0) (   0,    0) (   0,    0) (   0,    0) (   0,    0) (   0,    0) (   0,    0) (   0,    0) (   0,    0) (   0,    0)
          (   0,    0) (   0,    0) (   0,    0) (   0,    0) (   0,    0) (   0,    0) (   0,    0) (   0,    0) (   0,    0) (   0,    0)
          (   0,    0) (   0,    0) (   0,    0) (   0,    0) (   0,    0) (   0,    0) (   0,    0) (   0,    0) (   0,    0) (   0,    0)
          (   0,    0) (   0,    0) (   0,    0) (   0,    0) (   0,    0) (   0,    0) (   0,    0) (   0,    0) (   0,    0) (   0,    0)
          (   0,    0) (   0,    0) (   0,    0) (   0,    0) (   0,    0) (   0,    0) (   0,    0) (   0,    0) (   0,    0) (   0,    0)
          (   0,    0) (   0,    0) (   0,    0) (   0,    0) (   0,    0) (   0,    0) (   0,    0) (   0,    0) (   0,    0) (   0,    0)
          (   0,    0) (   0,    0) (   0,    0) (   0,    0) (   0,    0) (   0,    0) (   0,    0) (   0,    0) (   0,    0) (   0,    0)
          (   0,    0) (   0,    0) (   0,    0) (   0,    0) (   0,    0) (   0,    0) (   0,    0) (   0,    0) (   0,    0) (   0,    0)
          (   0,    0) (   0,    0) (   0,    0) (   0,    0) (   0,    0) (   0,    0) (   0,    0) (   0,    0) (   0,    0) (   0,    0)
          (   0,    0) (   0,    0) (   0,    0) (   0,    0) (   0,    0) (   0,    0) (   0,    0) (   0,    0) (   0,    0) (   0,    0)
          (   0,    0) (   0,    0) (   0,    0) (   0,    0) (   0,    0) (   0,    0) (   0,    0) (   0,    0) (   0,    0) (   0,    0)
          (   0,    0) (   0,    0) (   0,    0) (   0,    0) (   0,    0) (   0,    0) (   0,    0) (   0,    0) (   0,    0) (   0,    0)
          (   0,    0) (   0,    0) (   0,    0) (   0,    0) (   0,    0) (   0,    0) (   0,    0) (   0,    0) (   0,    0) (   0,    0)
          (   0,    0) (   0,    0) (   0,    0) (   0,    0) (   0,    0) (   0,    0) (   0,    0) (   0,    0) (   0,    0) (   0,    0)
          (   0,    0) (   0,    0) (   0,    0) (   0,    0) (   0,    0) (   0,    0) (   0,    0) (   0,    0) (   0,    0) (   0,    0)
          (   0,    0) (   0,    0) (   0,    0) (   0,    0) (   0,    0) (   0,    0) (   0,    0) (   0,    0) (   0,    0) (   0,    0)
          (   0,    0) (   0,    0) (   0,    0) (   0,    0) (   0,    0) (   0,    0) (   0,    0) (   0,    0) (   0,    0) (   0,    0)
          (   0,    0) (   0,    0) (   0,    0) (   0,    0) (   0,    0) (   0,    0) (   0,    0) (   0,    0) (   0,    0) (   0,    0)
          (   0,    0) (   0,    0) (   0,    0) (   0,    0) (   0,    0) (   0,    0) (   0,    0) (   0,    0) (   0,    0) (   0,    0)
          (   0,    0) (   0,    0) (   0,    0) (   0,    0) (   0,    0) (   0,    0) (   0,    0) (   0,    0) (   0,    0) (   0,    0)
          (   0,    0) (   0,    0) (   0,    0) (   0,    0) (   0,    0) (   0,    0) (   0,    0) (   0,    0) (   0,    0) (   0,    0)
          (   0,    0) (   0,    0) (   0,    0) (   0,    0) (   0,    0) (   0,    0) (   0,    0) (   0,    0) (   0,    0) (   0,    0)
          (   0,    0) (   0,    0) (   0,    0) (   0,    0) (   0,    0) (   0,    0) (   0,    0) (   0,    0) (   0,    0) (   0,    0)
          (   0,    0) (   0,    0) (   0,    0) (   0,    0) (   0,    0) (   0,    0) (   0,    0) (   0,    0) (   0,    0) (   0,    0)
          (   0,    0) (   0,    0) (   0,    0) (   0,    0) (   0,    0) (   0,    0) (   0,    0) (   0,    0) (   0,    0) (   0,    0)
          (   0,    0) (   0,    0) (   0,    0) (   0,    0) (   0,    0) (   0,    0) (   0,    0) (   0,    0) (   0,    0) (   0,    0)
          (   0,    0) (   0,    0) (   0,    0) (   0,    0) (   0,    0) (   0,    0) (   0,    0) (   0,    0) (   0,    0) (   0,    0)
          (   0,    0) (   0,    0) (   0,    0) (   0,    0) (   0,    0) (   0,    0) (   0,    0) (   0,    0) (   0,    0) (   0,    0)
          (   0,    0) (   0,    0) (   0,    0) (   0,    0) (   0,    0) (   0,    0) (   0,    0) (   0,    0) (   0,    0) (   0,    0)
          (   0,    0) (   0,    0) (   0,    0) (   0,    0) (   0,    0) (   0,    0) (   0,    0) (   0,    0) (   0,    0) (   0,    0)
         
node   3 sent_total     88  recv_total     64

node   4  (   1,    0) (   0,    0) (   0,    1) (   0,    0) (   0,    0) (   0,    0) (   0,    0) (   5,    0) (   2,    0) (   0,    4)
          (   0,    0) (   1,    0) (   2,    0) (   0,    1) (   0,    2) (   0,    3) (   0,    3) (   2,    1) (   0,    1) (   0,    1)
          (   0,    0) (   1,    0) (   3,    1) (   0,    0) (   3,    0) (   5,    1) (   0,    3) (   0,    1) (   1,    0) (   0,    1)
          (   2,    0) (   0,    2) (   0,    2) (   0,    0) (   1,    0) (   2,    0) (   0,    1) (   3,    2) (   0,    1) (   0,    1)
          (   0,    0) (   0,    0) (   0,    0) (   5,    0) (   0,    1) (   2,    3) (   0,    1) (   0,    1) (   0,    0) (   0,    0)
          (   5,    0) (   1,    1) (   0,    2) (   0,    0) (   1,    1) (   0,    0) (   1,    0) (   0,    1) (   0,    1) (   0,    2)
          (   0,    0) (   0,    0) (   0,    0) (   0,    0) (   4,    1) (   2,    0) (   0,    0) (   1,    0) (   0,    1) (   2,    0)
          (   1,    1) (   5,    0) (   0,    2) (   0,    3) (   0,    1) (   0,    0) (   0,    0) (   0,    3) (   0,    1) (   1,    3)
          (   0,    1) (   0,    3) (   0,    0) (   0,    1) (   1,    0) (   0,    2) (   0,    0) (   0,    1) (   4,    0) (   1,    0)
          (   1,    1) (   0,    2) (   0,    0) (   0,    1) (   0,    0) (   3,    1) (   2,    3) (   0,    0) (   1,    1) (   2,    2)
          (   1,    2) (   0,    0) (   0,    0) (   0,    0) (   0,    0) (   0,    0) (   0,    0) (   0,    0) (   0,    0) (   0,    0)
          (   0,    0) (   0,    0) (   0,    0) (   0,    0) (   0,    0) (   0,    0) (   0,    0) (   0,    0) (   0,    0) (   0,    0)
          (   0,    0) (   0,    0) (   0,    0) (   0,    0) (   0,    0) (   0,    0) (   0,    0) (   0,    0) (   0,    0) (   0,    0)
          (   0,    0) (   0,    0) (   0,    0) (   0,    0) (   0,    0) (   0,    0) (   0,    0) (   0,    0) (   0,    0) (   0,    0)
          (   0,    0) (   0,    0) (   0,    0) (   0,    0) (   0,    0) (   0,    0) (   0,    0) (   0,    0) (   0,    0) (   0,    0)
          (   0,    0) (   0,    0) (   0,    0) (   0,    0) (   0,    0) (   0,    0) (   0,    0) (   0,    0) (   0,    0) (   0,    0)
          (   0,    0) (   0,    0) (   0,    0) (   0,    0) (   0,    0) (   0,    0) (   0,    0) (   0,    0) (   0,    0) (   0,    0)
          (   0,    0) (   0,    0) (   0,    0) (   0,    0) (   0,    0) (   0,    0) (   0,    0) (   0,    0) (   0,    0) (   0,    0)
          (   0,    0) (   0,    0) (   0,    0) (   0,    0) (   0,    0) (   0,    0) (   0,    0) (   0,    0) (   0,    0) (   0,    0)
          (   0,    0) (   0,    0) (   0,    0) (   0,    0) (   0,    0) (   0,    0) (   0,    0) (   0,    0) (   0,    0) (   0,    0)
          (   0,    0) (   0,    0) (   0,    0) (   0,    0) (   0,    0) (   0,    0) (   0,    0) (   0,    0) (   0,    0) (   0,    0)
          (   0,    0) (   0,    0) (   0,    0) (   0,    0) (   0,    0) (   0,    0) (   0,    0) (   0,    0) (   0,    0) (   0,    0)
          (   0,    0) (   0,    0) (   0,    0) (   0,    0) (   0,    0) (   0,    0) (   0,    0) (   0,    0) (   0,    0) (   0,    0)
          (   0,    0) (   0,    0) (   0,    0) (   0,    0) (   0,    0) (   0,    0) (   0,    0) (   0,    0) (   0,    0) (   0,    0)
          (   0,    0) (   0,    0) (   0,    0) (   0,    0) (   0,    0) (   0,    0) (   0,    0) (   0,    0) (   0,    0) (   0,    0)
          (   0,    0) (   0,    0) (   0,    0) (   0,    0) (   0,    0) (   0,    0) (   0,    0) (   0,    0) (   0,    0) (   0,    0)
          (   0,    0) (   0,    0) (   0,    0) (   0,    0) (   0,    0) (   0,    0) (   0,    0) (   0,    0) (   0,    0) (   0,    0)
          (   0,    0) (   0,    0) (   0,    0) (   0,    0) (   0,    0) (   0,    0) (   0,    0) (   0,    0) (   0,    0) (   0,    0)
          (   0,    0) (   0,    0) (   0,    0) (   0,    0) (   0,    0) (   0,    0) (   0,    0) (   0,    0) (   0,    0) (   0,    0)
          (   0,    0) (   0,    0) (   0,    0) (   0,    0) (   0,    0) (   0,    0) (   0,    0) (   0,    0) (   0,    0) (   0,    0)
          (   0,    0) (   0,    0) (   0,    0) (   0,    0) (   0,    0) (   0,    0) (   0,    0) (   0,    0) (   0,    0) (   0,    0)
          (   0,    0) (   0,    0) (   0,    0) (   0,    0) (   0,    0) (   0,    0) (   0,    0) (   0,    0) (   0,    0) (   0,    0)
          (   0,    0) (   0,    0) (   0,    0) (   0,    0) (   0,    0) (   0,    0) (   0,    0) (   0,    0) (   0,    0) (   0,    0)
          (   0,    0) (   0,    0) (   0,    0) (   0,    0) (   0,    0) (   0,    0) (   0,    0) (   0,    0) (   0,    0) (   0,    0)
          (   0,    0) (   0,    0) (   0,    0) (   0,    0) (   0,    0) (   0,    0) (   0,    0) (   0,    0) (   0,    0) (   0,    0)
          (   0,    0) (   0,    0) (   0,    0) (   0,    0) (   0,    0) (   0,    0) (   0,    0) (   0,    0) (   0,    0) (   0,    0)
          (   0,    0) (   0,    0) (   0,    0) (   0,    0) (   0,    0) (   0,    0) (   0,    0) (   0,    0) (   0,    0) (   0,    0)
          (   0,    0) (   0,    0) (   0,    0) (   0,    0) (   0,    0) (   0,    0) (   0,    0) (   0,    0) (   0,    0) (   0,    0)
          (   0,    0) (   0,    0) (   0,    0) (   0,    0) (   0,    0) (   0,    0) (   0,    0) (   0,    0) (   0,    0) (   0,    0)
          (   0,    0) (   0,    0) (   0,    0) (   0,    0) (   0,    0) (   0,    0) (   0,    0) (   0,    0) (   0,    0) (   0,    0)
          (   0,    0) (   0,    0) (   0,    0) (   0,    0) (   0,    0) (   0,    0) (   0,    0) (   0,    0) (   0,    0) (   0,    0)
          (   0,    0) (   0,    0) (   0,    0) (   0,    0) (   0,    0) (   0,    0) (   0,    0) (   0,    0) (   0,    0) (   0,    0)
          (   0,    0) (   0,    0) (   0,    0) (   0,    0) (   0,    0) (   0,    0) (   0,    0) (   0,    0) (   0,    0) (   0,    0)
          (   0,    0) (   0,    0) (   0,    0) (   0,    0) (   0,    0) (   0,    0) (   0,    0) (   0,    0) (   0,    0) (   0,    0)
          (   0,    0) (   0,    0) (   0,    0) (   0,    0) (   0,    0) (   0,    0) (   0,    0) (   0,    0) (   0,    0) (   0,    0)
          (   0,    0) (   0,    0) (   0,    0) (   0,    0) (   0,    0) (   0,    0) (   0,    0) (   0,    0) (   0,    0) (   0,    0)
          (   0,    0) (   0,    0) (   0,    0) (   0,    0) (   0,    0) (   0,    0) (   0,    0) (   0,    0) (   0,    0) (   0,    0)
          (   0,    0) (   0,    0) (   0,    0) (   0,    0) (   0,    0) (   0,    0) (   0,    0) (   0,    0) (   0,    0) (   0,    0)
          (   0,    0) (   0,    0) (   0,    0) (   0,    0) (   0,    0) (   0,    0) (   0,    0) (   0,    0) (   0,    0) (   0,    0)
          (   0,    0) (   0,    0) (   0,    0) (   0,    0) (   0,    0) (   0,    0) (   0,    0) (   0,    0) (   0,    0) (   0,    0)
          (   0,    0) (   0,    0) (   0,    0) (   0,    0) (   0,    0) (   0,    0) (   0,    0) (   0,    0) (   0,    0) (   0,    0)
          (   0,    0) (   0,    0) (   0,    0) (   0,    0) (   0,    0) (   0,    0) (   0,    0) (   0,    0) (   0,    0) (   0,    0)
          (   0,    0) (   0,    0) (   0,    0) (   0,    0) (   0,    0) (   0,    0) (   0,    0) (   0,    0) (   0,    0) (   0,    0)
          (   0,    0) (   0,    0) (   0,    0) (   0,    0) (   0,    0) (   0,    0) (   0,    0) (   0,    0) (   0,    0) (   0,    0)
          (   0,    0) (   0,    0) (   0,    0) (   0,    0) (   0,    0) (   0,    0) (   0,    0) (   0,    0) (   0,    0) (   0,    0)
          (   0,    0) (   0,    0) (   0,    0) (   0,    0) (   0,    0) (   0,    0) (   0,    0) (   0,    0) (   0,    0) (   0,    0)
          (   0,    0) (   0,    0) (   0,    0) (   0,    0) (   0,    0) (   0,    0) (   0,    0) (   0,    0) (   0,    0) (   0,    0)
          (   0,    0) (   0,    0) (   0,    0) (   0,    0) (   0,    0) (   0,    0) (   0,    0) (   0,    0) (   0,    0) (   0,    0)
          (   0,    0) (   0,    0) (   0,    0) (   0,    0) (   0,    0) (   0,    0) (   0,    0) (   0,    0) (   0,    0) (   0,    0)
          (   0,    0) (   0,    0) (   0,    0) (   0,    0) (   0,    0) (   0,    0) (   0,    0) (   0,    0) (   0,    0) (   0,    0)
          (   0,    0) (   0,    0) (   0,    0) (   0,    0) (   0,    0) (   0,    0) (   0,    0) (   0,    0) (   0,    0) (   0,    0)
          (   0,    0) (   0,    0) (   0,    0) (   0,    0) (   0,    0) (   0,    0) (   0,    0) (   0,    0) (   0,    0) (   0,    0)
          (   0,    0) (   0,    0) (   0,    0) (   0,    0) (   0,    0) (   0,    0) (   0,    0) (   0,    0) (   0,    0) (   0,    0)
          (   0,    0) (   0,    0) (   0,    0) (   0,    0) (   0,    0) (   0,    0) (   0,    0) (   0,    0) (   0,    0) (   0,    0)
          (   0,    0) (   0,    0) (   0,    0) (   0,    0) (   0,    0) (   0,    0) (   0,    0) (   0,    0) (   0,    0) (   0,    0)
          (   0,    0) (   0,    0) (   0,    0) (   0,    0) (   0,    0) (   0,    0) (   0,    0) (   0,    0) (   0,    0) (   0,    0)
          (   0,    0) (   0,    0) (   0,    0) (   0,    0) (   0,    0) (   0,    0) (   0,    0) (   0,    0) (   0,    0) (   0,    0)
          (   0,    0) (   0,    0) (   0,    0) (   0,    0) (   0,    0) (   0,    0) (   0,    0) (   0,    0) (   0,    0) (   0,    0)
          (   0,    0) (   0,    0) (   0,    0) (   0,    0) (   0,    0) (   0,    0) (   0,    0) (   0,    0) (   0,    0) (   0,    0)
          (   0,    0) (   0,    0) (   0,    0) (   0,    0) (   0,    0) (   0,    0) (   0,    0) (   0,    0) (   0,    0) (   0,    0)
         
node   4 sent_total     81  recv_total     84

node   5  (   0,    0) (   1,    0) (   0,    0) (   0,    1) (   0,    0) (   0,    0) (   0,    0) (   0,    0) (   3,    0) (   2,    1)
          (   0,    4) (   0,    0) (   0,    0) (   0,    0) (   0,    0) (   0,    5) (   4,    1) (   1,    1) (   1,    3) (   0,    0)
          (   1,    0) (   2,    1) (   0,    1) (   0,    3) (   1,    0) (   0,    2) (   0,    0) (   0,    0) (   0,    0) (   2,    0)
          (   5,    1) (   3,    0) (   0,    1) (   0,    0) (   0,    3) (   0,    0) (   1,    1) (   0,    1) (   0,    5) (   0,    0)
          (   0,    0) (   0,    0) (   0,    0) (   5,    0) (   2,    1) (   4,    0) (   0,    4) (   0,    2) (   0,    2) (   0,    0)
          (   0,    0) (   0,    1) (   0,    2) (   2,    0) (   0,    2) (   0,    0) (   1,    1) (   0,    1) (   2,    1) (   0,    0)
          (   0,    0) (   0,    0) (   0,    0) (   0,    0) (   0,    3) (   0,    2) (   0,    0) (   1,    2) (   0,    0) (   0,    1)
          (   2,    0) (   0,    1) (   2,    3) (   1,    0) (   2,    0) (   0,    0) (   1,    1) (   2,    1) (   0,    1) (   0,    1)
          (   1,    1) (   0,    1) (   0,    0) (   0,    0) (   2,    0) (   1,    0) (   2,    1) (   0,    2) (   1,    1) (   0,    1)
          (   0,    0) (   0,    0) (   0,    2) (   0,    0) (   1,    3) (   0,    1) (   0,    1) (   0,    0) (   3,    0) (   0,    0)
          (   2,    1) (   0,    0) (   0,    0) (   0,    0) (   0,    0) (   0,    0) (   0,    0) (   0,    0) (   0,    0) (   0,    0)
          (   0,    0) (   0,    0) (   0,    0) (   0,    0) (   0,    0) (   0,    0) (   0,    0) (   0,    0) (   0,    0) (   0,    0)
          (   0,    0) (   0,    0) (   0,    0) (   0,    0) (   0,    0) (   0,    0) (   0,    0) (   0,    0) (   0,    0) (   0,    0)
          (   0,    0) (   0,    0) (   0,    0) (   0,    0) (   0,    0) (   0,    0) (   0,    0) (   0,    0) (   0,    0) (   0,    0)
          (   0,    0) (   0,    0) (   0,    0) (   0,    0) (   0,    0) (   0,    0) (   0,    0) (   0,    0) (   0,    0) (   0,    0)
          (   0,    0) (   0,    0) (   0,    0) (   0,    0) (   0,    0) (   0,    0) (   0,    0) (   0,    0) (   0,    0) (   0,    0)
          (   0,    0) (   0,    0) (   0,    0) (   0,    0) (   0,    0) (   0,    0) (   0,    0) (   0,    0) (   0,    0) (   0,    0)
          (   0,    0) (   0,    0) (   0,    0) (   0,    0) (   0,    0) (   0,    0) (   0,    0) (   0,    0) (   0,    0) (   0,    0)
          (   0,    0) (   0,    0) (   0,    0) (   0,    0) (   0,    0) (   0,    0) (   0,    0) (   0,    0) (   0,    0) (   0,    0)
          (   0,    0) (   0,    0) (   0,    0) (   0,    0) (   0,    0) (   0,    0) (   0,    0) (   0,    0) (   0,    0) (   0,    0)
          (   0,    0) (   0,    0) (   0,    0) (   0,    0) (   0,    0) (   0,    0) (   0,    0) (   0,    0) (   0,    0) (   0,    0)
          (   0,    0) (   0,    0) (   0,    0) (   0,    0) (   0,    0) (   0,    0) (   0,    0) (   0,    0) (   0,    0) (   0,    0)
          (   0,    0) (   0,    0) (   0,    0) (   0,    0) (   0,    0) (   0,    0) (   0,    0) (   0,    0) (   0,    0) (   0,    0)
          (   0,    0) (   0,    0) (   0,    0) (   0,    0) (   0,    0) (   0,    0) (   0,    0) (   0,    0) (   0,    0) (   0,    0)
          (   0,    0) (   0,    0) (   0,    0) (   0,    0) (   0,    0) (   0,    0) (   0,    0) (   0,    0) (   0,    0) (   0,    0)
          (   0,    0) (   0,    0) (   0,    0) (   0,    0) (   0,    0) (   0,    0) (   0,    0) (   0,    0) (   0,    0) (   0,    0)
          (   0,    0) (   0,    0) (   0,    0) (   0,    0) (   0,    0) (   0,    0) (   0,    0) (   0,    0) (   0,    0) (   0,    0)
          (   0,    0) (   0,    0) (   0,    0) (   0,    0) (   0,    0) (   0,    0) (   0,    0) (   0,    0) (   0,    0) (   0,    0)
          (   0,    0) (   0,    0) (   0,    0) (   0,    0) (   0,    0) (   0,    0) (   0,    0) (   0,    0) (   0,    0) (   0,    0)
          (   0,    0) (   0,    0) (   0,    0) (   0,    0) (   0,    0) (   0,    0) (   0,    0) (   0,    0) (   0,    0) (   0,    0)
          (   0,    0) (   0,    0) (   0,    0) (   0,    0) (   0,    0) (   0,    0) (   0,    0) (   0,    0) (   0,    0) (   0,    0)
          (   0,    0) (   0,    0) (   0,    0) (   0,    0) (   0,    0) (   0,    0) (   0,    0) (   0,    0) (   0,    0) (   0,    0)
          (   0,    0) (   0,    0) (   0,    0) (   0,    0) (   0,    0) (   0,    0) (   0,    0) (   0,    0) (   0,    0) (   0,    0)
          (   0,    0) (   0,    0) (   0,    0) (   0,    0) (   0,    0) (   0,    0) (   0,    0) (   0,    0) (   0,    0) (   0,    0)
          (   0,    0) (   0,    0) (   0,    0) (   0,    0) (   0,    0) (   0,    0) (   0,    0) (   0,    0) (   0,    0) (   0,    0)
          (   0,    0) (   0,    0) (   0,    0) (   0,    0) (   0,    0) (   0,    0) (   0,    0) (   0,    0) (   0,    0) (   0,    0)
          (   0,    0) (   0,    0) (   0,    0) (   0,    0) (   0,    0) (   0,    0) (   0,    0) (   0,    0) (   0,    0) (   0,    0)
          (   0,    0) (   0,    0) (   0,    0) (   0,    0) (   0,    0) (   0,    0) (   0,    0) (   0,    0) (   0,    0) (   0,    0)
          (   0,    0) (   0,    0) (   0,    0) (   0,    0) (   0,    0) (   0,    0) (   0,    0) (   0,    0) (   0,    0) (   0,    0)
          (   0,    0) (   0,    0) (   0,    0) (   0,    0) (   0,    0) (   0,    0) (   0,    0) (   0,    0) (   0,    0) (   0,    0)
          (   0,    0) (   0,    0) (   0,    0) (   0,    0) (   0,    0) (   0,    0) (   0,    0) (   0,    0) (   0,    0) (   0,    0)
          (   0,    0) (   0,    0) (   0,    0) (   0,    0) (   0,    0) (   0,    0) (   0,    0) (   0,    0) (   0,    0) (   0,    0)
          (   0,    0) (   0,    0) (   0,    0) (   0,    0) (   0,    0) (   0,    0) (   0,    0) (   0,    0) (   0,    0) (   0,    0)
          (   0,    0) (   0,    0) (   0,    0) (   0,    0) (   0,    0) (   0,    0) (   0,    0) (   0,    0) (   0,    0) (   0,    0)
          (   0,    0) (   0,    0) (   0,    0) (   0,    0) (   0,    0) (   0,    0) (   0,    0) (   0,    0) (   0,    0) (   0,    0)
          (   0,    0) (   0,    0) (   0,    0) (   0,    0) (   0,    0) (   0,    0) (   0,    0) (   0,    0) (   0,    0) (   0,    0)
          (   0,    0) (   0,    0) (   0,    0) (   0,    0) (   0,    0) (   0,    0) (   0,    0) (   0,    0) (   0,    0) (   0,    0)
          (   0,    0) (   0,    0) (   0,    0) (   0,    0) (   0,    0) (   0,    0) (   0,    0) (   0,    0) (   0,    0) (   0,    0)
          (   0,    0) (   0,    0) (   0,    0) (   0,    0) (   0,    0) (   0,    0) (   0,    0) (   0,    0) (   0,    0) (   0,    0)
          (   0,    0) (   0,    0) (   0,    0) (   0,    0) (   0,    0) (   0,    0) (   0,    0) (   0,    0) (   0,    0) (   0,    0)
          (   0,    0) (   0,    0) (   0,    0) (   0,    0) (   0,    0) (   0,    0) (   0,    0) (   0,    0) (   0,    0) (   0,    0)
          (   0,    0) (   0,    0) (   0,    0) (   0,    0) (   0,    0) (   0,    0) (   0,    0) (   0,    0) (   0,    0) (   0,    0)
          (   0,    0) (   0,    0) (   0,    0) (   0,    0) (   0,    0) (   0,    0) (   0,    0) (   0,    0) (   0,    0) (   0,    0)
          (   0,    0) (   0,    0) (   0,    0) (   0,    0) (   0,    0) (   0,    0) (   0,    0) (   0,    0) (   0,    0) (   0,    0)
          (   0,    0) (   0,    0) (   0,    0) (   0,    0) (   0,    0) (   0,    0) (   0,    0) (   0,    0) (   0,    0) (   0,    0)
          (   0,    0) (   0,    0) (   0,    0) (   0,    0) (   0,    0) (   0,    0) (   0,    0) (   0,    0) (   0,    0) (   0,    0)
          (   0,    0) (   0,    0) (   0,    0) (   0,    0) (   0,    0) (   0,    0) (   0,    0) (   0,    0) (   0,    0) (   0,    0)
          (   0,    0) (   0,    0) (   0,    0) (   0,    0) (   0,    0) (   0,    0) (   0,    0) (   0,    0) (   0,    0) (   0,    0)
          (   0,    0) (   0,    0) (   0,    0) (   0,    0) (   0,    0) (   0,    0) (   0,    0) (   0,    0) (   0,    0) (   0,    0)
          (   0,    0) (   0,    0) (   0,    0) (   0,    0) (   0,    0) (   0,    0) (   0,    0) (   0,    0) (   0,    0) (   0,    0)
          (   0,    0) (   0,    0) (   0,    0) (   0,    0) (   0,    0) (   0,    0) (   0,    0) (   0,    0) (   0,    0) (   0,    0)
          (   0,    0) (   0,    0) (   0,    0) (   0,    0) (   0,    0) (   0,    0) (   0,    0) (   0,    0) (   0,    0) (   0,    0)
          (   0,    0) (   0,    0) (   0,    0) (   0,    0) (   0,    0) (   0,    0) (   0,    0) (   0,    0) (   0,    0) (   0,    0)
          (   0,    0) (   0,    0) (   0,    0) (   0,    0) (   0,    0) (   0,    0) (   0,    0) (   0,    0) (   0,    0) (   0,    0)
          (   0,    0) (   0,    0) (   0,    0) (   0,    0) (   0,    0) (   0,    0) (   0,    0) (   0,    0) (   0,    0) (   0,    0)
          (   0,    0) (   0,    0) (   0,    0) (   0,    0) (   0,    0) (   0,    0) (   0,    0) (   0,    0) (   0,    0) (   0,    0)
          (   0,    0) (   0,    0) (   0,    0) (   0,    0) (   0,    0) (   0,    0) (   0,    0) (   0,    0) (   0,    0) (   0,    0)
          (   0,    0) (   0,    0) (   0,    0) (   0,    0) (   0,    0) (   0,    0) (   0,    0) (   0,    0) (   0,    0) (   0,    0)
          (   0,    0) (   0,    0) (   0,    0) (   0,    0) (   0,    0) (   0,    0) (   0,    0) (   0,    0) (   0,    0) (   0,    0)
          (   0,    0) (   0,    0) (   0,    0) (   0,    0) (   0,    0) (   0,    0) (   0,    0) (   0,    0) (   0,    0) (   0,    0)
         
node   5 sent_total     67  recv_total     83

node   6  (   0,    0) (   1,    0) (   0,    0) (   0,    1) (   0,    0) (   0,    0) (   0,    0) (   0,    0) (   5,    0) (   1,    3)
          (   0,    1) (   0,    0) (   0,    0) (   0,    1) (   0,    2) (   0,    1) (   0,    3) (   0,    1) (   1,    1) (   0,    2)
          (   0,    0) (   0,    1) (   0,    1) (   0,    3) (   0,    0) (   0,    1) (   0,    4) (   0,    0) (   2,    0) (   1,    0)
          (   0,    1) (   0,    1) (   0,    2) (   0,    0) (   0,    1) (   0,    1) (   0,    0) (   4,    0) (   0,    1) (   0,    2)
          (   0,    0) (   0,    0) (   0,    1) (   0,    0) (   0,    5) (   0,    2) (   0,    1) (   1,    0) (   0,    0) (   0,    0)
          (   1,    0) (   2,    0) (   1,    2) (   0,    2) (   0,    1) (   1,    0) (   0,    1) (   1,    3) (   1,    1) (   4,    0)
          (   0,    0) (   1,    0) (   2,    0) (   4,    0) (   0,    2) (   0,    0) (   1,    1) (   0,    3) (   0,    3) (   0,    0)
          (   0,    1) (   1,    1) (   1,    1) (   0,    1) (   0,    0) (   3,    0) (   5,    0) (   0,    0) (   5,    0) (   2,    2)
          (   2,    0) (   1,    0) (   0,    0) (   0,    0) (   5,    0) (   0,    2) (   0,    1) (   0,    0) (   0,    0) (   0,    0)
          (   1,    0) (   1,    1) (   4,    1) (   1,    1) (   0,    2) (   0,    0) (   0,    0) (   0,    1) (   0,    0) (   0,    1)
          (   0,    0) (   0,    4) (   0,    1) (   0,    0) (   1,    1) (   0,    1) (   0,    0) (   0,    3) (   1,    2) (   0,    0)
          (   0,    3) (   0,    2) (   0,    2) (   2,    1) (   3,    0) (   0,    1) (   0,    0) (   0,    0) (   0,    1) (   0,    0)
          (   2,    0) (   1,    1) (   0,    0) (   0,    0) (   0,    1) (   0,    1) (   5,    1) (   0,    1) (   0,    0) (   0,    0)
          (   1,    2) (   0,    3) (   1,    0) (   0,    0) (   5,    0) (   4,    1) (   0,    2) (   0,    1) (   0,    0) (   0,    1)
          (   0,    1) (   0,    1) (   1,    0) (   0,    0) (   0,    1) (   0,    0) (   0,    0) (   0,    1) (   1,    0) (   2,    1)
          (   2,    0) (   0,    0) (   1,    0) (   0,    2) (   0,    1) (   0,    0) (   0,    1) (   0,    3) (   0,    1) (   0,    0)
          (   0,    0) (   1,    0) (   1,    1) (   0,    0) (   2,    0) (   1,    0) (   1,    1) (   0,    3) (   0,    1) (   0,    2)
          (   0,    2) (   1,    3) (   0,    1) (   0,    0) (   0,    0) (   1,    0) (   3,    1) (   5,    1) (   0,    1) (   0,    1)
          (   0,    1) (   0,    1) (   1,    0) (   0,    2) (   0,    0) (   0,    0) (   1,    0) (   0,    2) (   2,    0) (   0,    3)
          (   0,    0) (   0,    2) (   0,    0) (   0,    0) (   0,    0) (   1,    0) (   0,    1) (   0,    0) (   5,    0) (   0,    1)
          (   0,    1) (   0,    0) (   0,    0) (   0,    0) (   0,    0) (   0,    0) (   4,    0) (   2,    1) (   3,    2) (   0,    1)
          (   0,    0) (   0,    1) (   0,    0) (   0,    1) (   0,    0) (   0,    1) (   0,    0) (   0,    0) (   0,    0) (   0,    0)
          (   1,    0) (   4,    1) (   0,    5) (   0,    1) (   0,    0) (   0,    1) (   0,    2) (   0,    0) (   0,    0) (   1,    0)
          (   0,    1) (   1,    0) (   5,    1) (   1,    4) (   0,    0) (   0,    0) (   0,    1) (   0,    0) (   0,    0) (   2,    0)
          (   0,    0) (   0,    0) (   0,    0) (   1,    3) (   0,    2) (   0,    1) (   0,    1) (   0,    0) (   0,    0) (   3,    0)
          (   0,    2) (   1,    0) (   0,    2) (   0,    2) (   1,    2) (   0,    0) (   0,    0) (   0,    0) (   0,    1) (   0,    0)
          (   0,    0) (   1,    0) (   0,    3) (   1,    0) (   5,    1) (   0,    0) (   3,    0) (   1,    1) (   1,    1) (   5,    1)
          (   2,    0) (   0,    2) (   0,    1) (   0,    0) (   0,    0) (   0,    2) (   0,    0) (   0,    0) (   0,    1) (   0,    0)
          (   2,    0) (   0,    1) (   0,    1) (   1,    0) (   0,    1) (   0,    0) (   0,    0) (   3,    0) (   0,    1) (   0,    2)
          (   0,    0) (   0,    0) (   1,    0) (   0,    2) (   3,    3) (   0,    1) (   0,    0) (   0,    1) (   0,    2) (   0,    0)
          (   1,    0) (   1,    1) (   0,    2) (   0,    0) (   0,    0) (   1,    0) (   0,    0) (   5,    0) (   0,    2) (   0,    0)
          (   1,    0) (   0,    0) (   1,    0) (   5,    0) (   0,    1) (   0,    0) (   0,    0) (   1,    0) (   0,    1) (   0,    1)
          (   0,    2) (   0,    0) (   0,    0) (   1,    1) (   2,    0) (   0,    0) (   0,    1) (   0,    3) (   0,    0) (   0,    0)
          (   0,    1) (   0,    0) (   2,    0) (   0,    5) (   0,    0) (   2,    1) (   0,    1) (   0,    0) (   0,    1) (   0,    0)
          (   0,    0) (   0,    1) (   0,    1) (   0,    1) (   0,    0) (   0,    0) (   0,    0) (   1,    0) (   0,    2) (   1,    0)
          (   0,    0) (   0,    0) (   1,    0) (   5,    0) (   1,    0) (   0,    5) (   0,    0) (   0,    0) (   0,    0) (   0,    0)
          (   5,    0) (   2,    0) (   2,    1) (   1,    1) (   1,    1) (   0,    1) (   0,    1) (   0,    2) (   0,    0) (   0,    0)
          (   0,    1) (   0,    3) (   1,    0) (   0,    1) (   0,    0) (   3,    0) (   2,    1) (   2,    1) (   2,    1) (   5,    1)
          (   0,    2) (   0,    0) (   0,    2) (   0,    0) (   0,    1) (   0,    1) (   1,    2) (   0,    1) (   0,    1) (   1,    0)
          (   0,    0) (   0,    1) (   1,    0) (   0,    1) (   1,    0) (   0,    0) (   0,    2) (   0,    0) (   0,    0) (   0,    0)
          (   1,    0) (   5,    2) (   1,    0) (   0,    1) (   0,    1) (   1,    0) (   1,    1) (   0,    0) (   0,    0) (   0,    1)
          (   1,    0) (   0,    0) (   0,    1) (   0,    0) (   0,    0) (   0,    0) (   0,    0) (   1,    0) (   0,    1) (   0,    0)
          (   0,    1) (   0,    2) (   0,    0) (   0,    2) (   0,    1) (   0,    0) (   1,    0) (   2,    0) (   0,    1) (   1,    0)
          (   0,    0) (   2,    0) (   0,    0) (   0,    0) (   4,    0) (   0,    1) (   2,    1) (   0,    1) (   0,    1) (   0,    0)
          (   0,    0) (   0,    0) (   4,    0) (   5,    1) (   5,    0) (   0,    1) (   0,    0) (   5,    0) (   1,    1) (   0,    2)
          (   0,    0) (   0,    4) (   0,    0) (   0,    1) (   1,    0) (   0,    1) (   0,    1) (   0,    0) (   1,    0) (   0,    1)
          (   3,    0) (   2,    1) (   0,    0) (   0,    0) (   3,    0) (   0,    1) (   5,    0) (   3,    1) (   4,    0) (   2,    0)
          (   0,    1) (   1,    1) (   0,    0) (   0,    0) (   0,    1) (   0,    0) (   0,    3) (   0,    1) (   0,    1) (   0,    1)
          (   0,    0) (   1,    0) (   1,    1) (   0,    0) (   0,    4) (   0,    2) (   0,    3) (   0,    1) (   1,    0) (   0,    0)
          (   1,    0) (   0,    1) (   0,    2) (   0,    0) (   0,    2) (   0,    0) (   0,    0) (   0,    0) (   0,    1) (   0,    0)
          (   0,    0) (   1,    0) (   0,    3) (   0,    0) (   0,    2) (   0,    0) (   0,    0) (   1,    0) (   0,    4) (   1,    0)
          (   0,    3) (   0,    0) (   0,    0) (   0,    0) (   0,    0) (   4,    0) (   1,    1) (   0,    1) (   1,    0) (   0,    1)
          (   0,    1) (   0,    0) (   0,    0) (   0,    2) (   0,    0) (   0,    0) (   1,    0) (   0,    1) (   0,    1) (   0,    1)
          (   0,    1) (   0,    0) (   0,    0) (   0,    0) (   0,    0) (   0,    0) (   1,    0) (   2,    1) (   2,    1) (   0,    2)
          (   0,    0) (   0,    1) (   0,    0) (   0,    0) (   0,    0) (   2,    0) (   5,    0) (   5,    0) (   0,    0) (   5,    0)
          (   1,    0) (   2,    1) (   4,    1) (   0,    2) (   0,    1) (   0,    0) (   0,    2) (   0,    0) (   0,    1) (   0,    0)
          (   2,    1) (   0,    0) (   0,    1) (   0,    0) (   0,    1) (   0,    1) (   0,    0) (   0,    0) (   0,    1) (   0,    2)
          (   0,    1) (   0,    0) (   0,    0) (   0,    0) (   1,    0) (   2,    1) (   0,    0) (   0,    1) (   0,    0) (   0,    2)
          (   0,    3) (   0,    0) (   1,    0) (   0,    2) (   1,    1) (   0,    0) (   0,    0) (   0,    0) (   0,    0) (   5,    0)
          (   0,    2) (   1,    1) (   1,    1) (   1,    2) (   0,    2) (   1,    0) (   1,    1) (   0,    0) (   1,    2) (   0,    0)
          (   0,    1) (   3,    2) (   0,    3) (   0,    0) (   0,    3) (   0,    2) (   0,    1) (   0,    0) (   0,    0) (   0,    0)
          (   0,    5) (   3,    0) (   0,    2) (   1,    1) (   0,    1) (   0,    1) (   0,    0) (   1,    0) (   0,    0) (   1,    1)
          (   1,    0) (   2,    1) (   0,    1) (   0,    1) (   0,    0) (   1,    0) (   1,    0) (   0,    2) (   0,    3) (   0,    2)
          (   0,    1) (   0,    1) (   0,    1) (   0,    0) (   0,    2) (   0,    0) (   0,    0) (   0,    0) (   5,    1) (   1,    1)
          (   4,    0) (   0,    2) (   0,    0) (   0,    0) (   2,    0) (   0,    2) (   1,    0) (   0,    2) (   0,    0) (   0,    1)
          (   0,    1) (   0,    1) (   0,    0) (   0,    0) (   0,    3) (   0,    1) (   0,    1) (   0,    0) (   0,    1) (   2,    0)
          (   0,    1) (   0,    0) (   4,    0) (   1,    0) (   1,    0) (   3,    0) (   2,    1) (   1,    1) (   0,    2) (   0,    1)
          (   0,    1) (   0,    0) (   0,    1) (   0,    0) (   0,    1) (   2,    0) (   0,    1) (   2,    0) (   1,    0) (   0,    0)
          (   0,    0) (   0,    0) (   0,    1) (   0,    6) (   0,    2) (   0,    0) (   0,    0) (   1,    0) (   0,    1) (   0,    1)
          (   0,    0) (   0,    0) (   0,    0) (   0,    0) (   5,    0) (   0,    4) (   1,    1) (   0,    1) (   0,    0) (   0,    0)
         
node   6 sent_total    429  recv_total    500

node   7  (   0,    0) (   1,    0) (   0,    0) (   0,    1) (   0,    0) (   0,    0) (   0,    0) (   0,    1) (   0,    1) (   0,    1)
          (   0,    2) (   0,    0) (   0,    0) (   1,    0) (   0,    1) (   2,    1) (   1,    1) (   4,    3) (   5,    0) (   0,    0)
          (   0,    1) (   0,    0) (   0,    0) (   0,    0) (   0,    0) (   3,    1) (   0,    1) (   2,    0) (   0,    4) (   1,    0)
          (   0,    0) (   0,    3) (   0,    4) (   1,    2) (   0,    1) (   0,    0) (   0,    0) (   1,    0) (   2,    2) (   1,    2)
          (   1,    0) (   0,    0) (   0,    0) (   0,    0) (   2,    2) (   3,    3) (   0,    1) (   0,    0) (   0,    0) (   0,    1)
          (   0,    2) (   2,    3) (   0,    0) (   0,    0) (   0,    1) (   0,    1) (   2,    0) (   0,    4) (   0,    3) (   0,    1)
          (   0,    0) (   0,    0) (   0,    0) (   5,    0) (   0,    0) (   1,    1) (   0,    2) (   0,    2) (   2,    0) (   2,    0)
          (   0,    0) (   0,    0) (   1,    2) (   2,    0) (   0,    1) (   0,    0) (   0,    1) (   0,    1) (   0,    1) (   0,    2)
          (   2,    1) (   0,    1) (   0,    1) (   0,    1) (   2,    1) (   1,    2) (   0,    0) (   0,    1) (   0,    2) (   0,    2)
          (   0,    1) (   0,    0) (   0,    0) (   1,    0) (   5,    0) (   5,    1) (   1,    0) (   1,    0) (   3,    0) (   5,    0)
          (   5,    1) (   3,    0) (   0,    1) (   3,    0) (   5,    1) (   0,    0) (   3,    0) (   5,    1) (   5,    0) (   3,    0)
          (   5,    1) (   1,    1) (   0,    2) (   0,    2) (   0,    0) (   0,    1) (   0,    0) (   0,    0) (   1,    0) (   0,    0)
          (   5,    0) (   0,    2) (   1,    2) (   0,    1) (   0,    0) (   1,    0) (   0,    0) (   0,    0) (   4,    0) (   5,    1)
          (   5,    0) (   2,    0) (   3,    1) (   0,    2) (   0,    0) (   2,    0) (   0,    1) (   0,    0) (   0,    1) (   0,    0)
          (   0,    3) (   0,    0) (   0,    1) (   0,    2) (   0,    1) (   0,    0) (   0,    0) (   0,    0) (   2,    1) (   0,    0)
          (   0,    1) (   0,    1) (   0,    0) (   1,    0) (   0,    0) (   0,    1) (   5,    0) (   5,    0) (   0,    0) (   1,    0)
          (   0,    0) (   5,    0) (   0,    2) (   0,    1) (   0,    0) (   0,    2) (   0,    1) (   0,    1) (   0,    3) (   0,    0)
          (   2,    0) (   1,    2) (   0,    1) (   2,    0) (   2,    1) (   0,    3) (   0,    0) (   0,    0) (   0,    0) (   0,    1)
          (   0,    1) (   0,    0) (   0,    2) (   0,    4) (   0,    1) (   0,    0) (   0,    0) (   0,    1) (   0,    0) (   1,    0)
          (   4,    1) (   2,    0) (   3,    1) (   0,    0) (   1,    0) (   0,    2) (   0,    0) (   0,    0) (   0,    2) (   0,    7)
          (   0,    0) (   0,    0) (   0,    0) (   0,    0) (   3,    0) (   1,    2) (   0,    1) (   0,    2) (   0,    0) (   0,    1)
          (   0,    0) (   0,    1) (   2,    0) (   2,    0) (   0,    1) (   0,    0) (   5,    0) (   1,    2) (   0,    0) (   0,    0)
          (   0,    1) (   0,    0) (   1,    1) (   0,    2) (   0,    0) (   3,    0) (   0,    0) (   0,    0) (   0,    2) (   1,    0)
          (   0,    1) (   0,    0) (   0,    0) (   0,    2) (   0,    0) (   2,    0) (   0,    0) (   0,    1) (   3,    0) (   1,    0)
          (   0,    1) (   0,    0) (   0,    0) (   0,    1) (   0,    2) (   4,    0) (   0,    0) (   1,    0) (   3,    0) (   5,    0)
          (   0,    0) (   4,    0) (   5,    1) (   1,    1) (   0,    1) (   0,    1) (   0,    0) (   0,    0) (   0,    0) (   0,    0)
          (   1,    0) (   1,    2) (   0,    4) (   0,    1) (   0,    0) (   0,    2) (   0,    0) (   0,    2) (   0,    1) (   0,    0)
          (   0,    0) (   0,    0) (   0,    0) (   2,    0) (   5,    1) (   1,    0) (   3,    1) (   0,    2) (   0,    0) (   0,    0)
          (   0,    0) (   0,    0) (   3,    0) (   0,    2) (   0,    0) (   0,    1) (   0,    0) (   0,    1) (   0,    2) (   0,    2)
          (   0,    0) (   0,    0) (   1,    0) (   2,    0) (   1,    1) (   0,    2) (   1,    0) (   0,    2) (   1,    0) (   0,    0)
          (   3,    0) (   3,    0) (   2,    0) (   0,    2) (   1,    0) (   0,    0) (   0,    1) (   0,    1) (   1,    4) (   5,    1)
          (   0,    0) (   0,    1) (   0,    0) (   0,    0) (   2,    3) (   0,    0) (   3,    0) (   2,    1) (   2,    1) (   5,    0)
          (   0,    1) (   1,    1) (   0,    1) (   0,    1) (   0,    1) (   1,    1) (   0,    0) (   0,    1) (   0,    2) (   0,    0)
          (   1,    1) (   0,    0) (   0,    0) (   0,    4) (   0,    1) (   0,    1) (   1,    1) (   0,    0) (   0,    1) (   0,    0)
          (   1,    0) (   2,    0) (   0,    1) (   0,    1) (   0,    1) (   0,    0) (   0,    0) (   0,    0) (   2,    1) (   1,    0)
          (   0,    1) (   0,    0) (   0,    0) (   0,    0) (   5,    0) (   4,    0) (   0,    3) (   0,    1) (   0,    0) (   0,    0)
          (   1,    1) (   0,    3) (   0,    0) (   0,    0) (   0,    0) (   0,    0) (   2,    0) (   0,    4) (   0,    0) (   0,    0)
          (   0,    0) (   0,    2) (   0,    1) (   2,    0) (   1,    1) (   1,    1) (   1,    1) (   1,    0) (   2,    1) (   4,    1)
          (   0,    1) (   5,    0) (   1,    1) (   3,    1) (   3,    1) (   0,    1) (   3,    0) (   1,    1) (   2,    1) (   0,    1)
          (   0,    0) (   0,    0) (   0,    0) (   0,    1) (   0,    0) (   0,    2) (   0,    1) (   0,    0) (   0,    0) (   0,    0)
          (   1,    0) (   0,    1) (   0,    2) (   1,    0) (   0,    0) (   1,    1) (   0,    2) (   0,    0) (   0,    1) (   0,    0)
          (   0,    0) (   0,    0) (   0,    0) (   2,    0) (   2,    3) (   0,    0) (   0,    0) (   0,    0) (   1,    0) (   5,    0)
          (   5,    1) (   1,    1) (   3,    0) (   0,    2) (   0,    0) (   0,    0) (   0,    0) (   0,    1) (   0,    1) (   0,    0)
          (   0,    2) (   0,    0) (   0,    0) (   0,    0) (   0,    0) (   1,    3) (   1,    3) (   0,    1) (   0,    0) (   0,    0)
          (   0,    1) (   0,    1) (   1,    0) (   0,    0) (   0,    0) (   0,    1) (   0,    0) (   3,    0) (   1,    2) (   1,    0)
          (   0,    2) (   0,    0) (   0,    0) (   0,    4) (   1,    1) (   0,    1) (   0,    0) (   0,    0) (   0,    0) (   0,    1)
          (   3,    0) (   1,    1) (   0,    2) (   2,    0) (   0,    0) (   0,    1) (   0,    0) (   3,    2) (   0,    3) (   2,    0)
          (   0,    0) (   0,    0) (   0,    0) (   0,    0) (   0,    1) (   1,    1) (   1,    4) (   1,    0) (   0,    1) (   0,    1)
          (   0,    1) (   0,    0) (   0,    0) (   4,    1) (   3,    4) (   0,    0) (   3,    0) (   0,    1) (   1,    0) (   0,    1)
          (   5,    0) (   5,    0) (   0,    2) (   0,    0) (   0,    0) (   0,    0) (   0,    0) (   3,    0) (   0,    3) (   1,    3)
          (   2,    0) (   3,    1) (   0,    2) (   2,    0) (   0,    0) (   1,    0) (   0,    0) (   4,    0) (   0,    4) (   4,    0)
          (   0,    2) (   0,    1) (   0,    1) (   2,    0) (   0,    0) (   0,    0) (   0,    1) (   0,    0) (   4,    2) (   1,    1)
          (   0,    0) (   1,    0) (   5,    0) (   0,    1) (   0,    1) (   0,    0) (   0,    0) (   0,    0) (   0,    1) (   0,    2)
          (   0,    3) (   1,    1) (   0,    4) (   1,    0) (   0,    0) (   0,    1) (   0,    0) (   1,    1) (   1,    1) (   0,    1)
          (   1,    0) (   1,    0) (   0,    4) (   0,    0) (   2,    1) (   0,    0) (   1,    0) (   0,    2) (   0,    1) (   0,    0)
          (   0,    1) (   0,    0) (   2,    0) (   0,    2) (   5,    0) (   1,    2) (   0,    0) (   1,    0) (   2,    0) (   1,    1)
          (   5,    0) (   0,    1) (   0,    0) (   0,    1) (   0,    0) (   0,    1) (   0,    0) (   0,    1) (   2,    0) (   3,    1)
          (   1,    4) (   0,    0) (   1,    0) (   0,    0) (   1,    0) (   0,    1) (   0,    0) (   1,    0) (   0,    1) (   5,    0)
          (   0,    1) (   3,    0) (   5,    1) (   0,    1) (   0,    2) (   0,    1) (   0,    0) (   0,    0) (   0,    1) (   0,    0)
          (   0,    2) (   0,    0) (   0,    1) (   1,    1) (   0,    0) (   0,    0) (   0,    3) (   1,    1) (   0,    2) (   0,    0)
          (   0,    2) (   0,    0) (   0,    2) (   0,    1) (   1,    1) (   0,    0) (   0,    0) (   0,    0) (   1,    0) (   5,    0)
          (   0,    1) (   0,    3) (   1,    2) (   5,    1) (   0,    2) (   0,    0) (   3,    0) (   0,    1) (   1,    1) (   0,    0)
          (   0,    2) (   0,    3) (   0,    0) (   0,    1) (   0,    0) (   0,    0) (   4,    0) (   1,    1) (   3,    0) (   2,    1)
          (   5,    1) (   3,    0) (   0,    1) (   5,    0) (   0,    1) (   0,    1) (   0,    0) (   0,    0) (   0,    0) (   0,    3)
          (   0,    0) (   0,    2) (   0,    0) (   0,    0) (   0,    0) (   1,    0) (   5,    1) (   5,    0) (   0,    1) (   0,    0)
          (   0,    0) (   0,    2) (   0,    0) (   0,    0) (   0,    3) (   0,    0) (   2,    0) (   0,    6) (   1,    0) (   1,    0)
          (   0,    2) (   0,    0) (   0,    1) (   0,    2) (   0,    0) (   0,    0) (   0,    1) (   0,    0) (   2,    0) (   0,    1)
          (   0,    0) (   4,    0) (   0,    0) (   1,    0) (   3,    0) (   5,    1) (   0,    3) (   0,    0) (   0,    0) (   0,    0)
          (   0,    0) (   0,    0) (   5,    0) (   0,    0) (   3,    0) (   3,    1) (   0,    3) (   0,    2) (   0,    0) (   0,    2)
          (   0,    0) (   0,    0) (   0,    1) (   0,    0) (   0,    0) (   0,    2) (   0,    2) (   0,    0) (   0,    5) (   0,    0)
         
node   7 sent_total    559  recv_total    504

node   8  (   0,    0) (   1,    0) (   0,    0) (   0,    1) (   0,    0) (   0,    0) (   0,    0) (   0,    0) (   0,    3) (   0,    1)
          (   0,    0) (   0,    0) (   0,    0) (   1,    0) (   5,    2) (   5,    1) (   4,    1) (   0,    0) (   3,    0) (   0,    3)
          (   0,    0) (   0,    2) (   0,    1) (   0,    2) (   1,    0) (   0,    1) (   1,    2) (   0,    0) (   0,    0) (   0,    0)
          (   0,    0) (   5,    0) (   5,    0) (   5,    1) (   2,    0) (   3,    1) (   5,    1) (   3,    0) (   0,    2) (   0,    0)
          (   0,    1) (   0,    1) (   0,    0) (   0,    0) (   0,    2) (   0,    2) (   0,    1) (   0,    0) (   0,    0) (   0,    0)
          (   0,    0) (   0,    1) (   0,    1) (   3,    0) (   0,    1) (   0,    0) (   2,    0) (   0,    2) (   0,    1) (   0,    0)
          (   0,    0) (   0,    0) (   1,    0) (   0,    1) (   0,    2) (   1,    0) (   0,    1) (   0,    0) (   0,    0) (   0,    1)
          (   0,    2) (   1,    3) (   0,    0) (   0,    2) (   1,    0) (   0,    1) (   1,    0) (   0,    0) (   0,    1) (   0,    1)
          (   0,    0) (   1,    1) (   0,    1) (   0,    0) (   0,    1) (   0,    1) (   0,    0) (   0,    0) (   0,    1) (   0,    1)
          (   0,    0) (   0,    0) (   0,    0) (   0,    0) (   0,    1) (   0,    0) (   0,    0) (   0,    0) (   0,    0) (   1,    1)
          (   0,    1) (   0,    2) (   0,    0) (   0,    0) (   1,    0) (   0,    1) (   5,    0) (   3,    1) (   1,    1) (   2,    2)
          (   2,    1) (   1,    2) (   2,    1) (   0,    2) (   5,    1) (   1,    1) (   0,    0) (   0,    0) (   0,    1) (   0,    0)
          (   2,    0) (   0,    2) (   0,    1) (   0,    1) (   0,    1) (   0,    2) (   0,    0) (   0,    1) (   0,    0) (   0,    0)
          (   1,    1) (   0,    1) (   0,    1) (   0,    1) (   0,    1) (   0,    2) (   0,    1) (   0,    2) (   0,    0) (   0,    0)
          (   0,    1) (   0,    1) (   0,    0) (   3,    1) (   1,    0) (   0,    0) (   0,    0) (   1,    0) (   2,    0) (   0,    2)
          (   0,    0) (   2,    0) (   1,    1) (   0,    0) (   0,    0) (   0,    1) (   0,    0) (   0,    1) (   0,    3) (   0,    1)
          (   0,    0) (   0,    0) (   0,    1) (   0,    0) (   1,    0) (   0,    1) (   4,    0) (   4,    0) (   5,    1) (   4,    0)
          (   5,    1) (   4,    0) (   1,    1) (   0,    1) (   5,    0) (   0,    2) (   0,    0) (   0,    0) (   0,    3) (   0,    0)
          (   1,    3) (   3,    2) (   4,    1) (   1,    1) (   1,    0) (   0,    0) (   0,    1) (   0,    1) (   0,    0) (   0,    0)
          (   0,    0) (   1,    1) (   0,    1) (   4,    1) (   2,    1) (   0,    1) (   0,    0) (   2,    0) (   5,    0) (   0,    2)
          (   0,    1) (   0,    0) (   0,    0) (   1,    0) (   1,    1) (   0,    3) (   0,    3) (   0,    0) (   0,    0) (   0,    4)
          (   0,    0) (   0,    2) (   0,    0) (   0,    1) (   2,    0) (   0,    0) (   2,    0) (   0,    2) (   0,    2) (   0,    0)
          (   0,    0) (   0,    0) (   0,    1) (   0,    2) (   0,    0) (   0,    1) (   0,    2) (   0,    0) (   0,    1) (   0,    0)
          (   0,    0) (   0,    0) (   5,    0) (   0,    3) (   0,    1) (   1,    1) (   0,    2) (   0,    2) (   1,    0) (   0,    1)
          (   0,    0) (   0,    0) (   5,    0) (   5,    0) (   1,    2) (   0,    0) (   1,    1) (   0,    0) (   0,    2) (   0,    2)
          (   0,    4) (   0,    0) (   0,    0) (   0,    0) (   1,    0) (   1,    1) (   0,    1) (   0,    0) (   0,    0) (   0,    0)
          (   0,    0) (   0,    3) (   1,    1) (   0,    1) (   0,    1) (   0,    1) (   0,    0) (   0,    0) (   0,    1) (   0,    0)
          (   0,    2) (   1,    4) (   0,    0) (   0,    0) (   1,    1) (   0,    5) (   0,    0) (   0,    2) (   0,    0) (   0,    0)
          (   2,    0) (   0,    2) (   0,    0) (   0,    2) (   2,    0) (   0,    0) (   0,    0) (   1,    2) (   0,    1) (   0,    0)
          (   0,    0) (   0,    0) (   0,    0) (   5,    0) (   0,    0) (   1,    0) (   5,    1) (   5,    1) (   1,    0) (   0,    2)
          (   0,    1) (   0,    1) (   0,    1) (   0,    0) (   1,    0) (   0,    2) (   0,    2) (   0,    0) (   0,    0) (   0,    0)
          (   0,    2) (   0,    0) (   1,    0) (   0,    1) (   0,    2) (   0,    0) (   1,    0) (   0,    1) (   0,    0) (   4,    1)
          (   1,    1) (   0,    0) (   4,    1) (   1,    0) (   1,    1) (   0,    1) (   3,    0) (   0,    0) (   0,    0) (   1,    0)
          (   1,    1) (   1,    0) (   5,    1) (   1,    2) (   1,    1) (   1,    0) (   1,    0) (   0,    2) (   0,    0) (   0,    0)
          (   0,    0) (   0,    0) (   2,    0) (   0,    2) (   0,    0) (   0,    0) (   0,    0) (   0,    0) (   0,    1) (   0,    1)
          (   0,    0) (   0,    0) (   0,    0) (   0,    0) (   0,    2) (   0,    3) (   0,    1) (   0,    0) (   0,    0) (   1,    0)
          (   1,    1) (   0,    1) (   0,    1) (   0,    0) (   0,    0) (   0,    0) (   1,    0) (   0,    2) (   0,    0) (   1,    0)
          (   0,    2) (   0,    0) (   1,    2) (   0,    0) (   0,    3) (   0,    0) (   0,    1) (   0,    1) (   0,    0) (   4,    0)
          (   0,    6) (   1,    0) (   0,    1) (   0,    0) (   0,    0) (   1,    0) (   1,    2) (   0,    0) (   0,    0) (   0,    0)
          (   1,    1) (   0,    0) (   0,    1) (   0,    1) (   0,    0) (   2,    0) (   0,    1) (   1,    0) (   2,    1) (   0,    1)
          (   5,    0) (   5,    1) (   0,    0) (   0,    1) (   2,    0) (   2,    1) (   0,    1) (   0,    1) (   0,    1) (   0,    0)
          (   0,    1) (   0,    0) (   0,    0) (   0,    0) (   0,    0) (   0,    1) (   0,    0) (   0,    0) (   0,    0) (   0,    0)
          (   2,    2) (   0,    2) (   1,    0) (   3,    0) (   0,    1) (   1,    0) (   2,    0) (   0,    1) (   0,    1) (   1,    0)
          (   0,    1) (   0,    0) (   0,    1) (   1,    0) (   0,    1) (   5,    0) (   0,    2) (   2,    0) (   0,    1) (   1,    0)
          (   0,    1) (   0,    0) (   0,    0) (   0,    1) (   0,    1) (   0,    3) (   0,    0) (   0,    0) (   1,    0) (   0,    1)
          (   5,    0) (   1,    0) (   5,    1) (   0,    1) (   0,    0) (   0,    1) (   0,    1) (   0,    0) (   0,    0) (   0,    0)
          (   0,    0) (   0,    1) (   0,    0) (   1,    0) (   0,    0) (   0,    0) (   2,    0) (   3,    2) (   0,    2) (   0,    1)
          (   1,    1) (   0,    0) (   0,    0) (   1,    0) (   0,    2) (   2,    1) (   0,    2) (   0,    1) (   2,    0) (   0,    2)
          (   0,    0) (   0,    0) (   0,    0) (   0,    2) (   0,    1) (   2,    0) (   0,    2) (   0,    0) (   0,    0) (   0,    0)
          (   0,    0) (   0,    2) (   1,    2) (   0,    1) (   2,    0) (   0,    0) (   0,    0) (   1,    0) (   5,    1) (   0,    0)
          (   1,    0) (   5,    1) (   0,    1) (   0,    0) (   0,    2) (   0,    0) (   0,    1) (   0,    0) (   0,    2) (   0,    0)
          (   0,    4) (   0,    0) (   1,    0) (   0,    0) (   0,    1) (   0,    0) (   0,    1) (   0,    3) (   0,    0) (   0,    3)
          (   0,    0) (   1,    3) (   1,    0) (   2,    0) (   0,    1) (   2,    0) (   1,    1) (   5,    1) (   5,    0) (   5,    0)
          (   0,    1) (   1,    1) (   0,    1) (   0,    1) (   1,    0) (   0,    1) (   1,    0) (   0,    0) (   0,    1) (   0,    1)
          (   1,    1) (   0,    2) (   0,    1) (   0,    0) (   1,    0) (   0,    2) (   0,    1) (   0,    2) (   0,    4) (   0,    0)
          (   0,    1) (   0,    1) (   0,    2) (   0,    3) (   1,    0) (   1,    2) (   0,    0) (   0,    0) (   0,    0) (   0,    0)
          (   1,    0) (   2,    2) (   0,    0) (   2,    0) (   3,    1) (   0,    0) (   2,    0) (   1,    1) (   0,    3) (   0,    0)
          (   0,    0) (   0,    1) (   0,    0) (   1,    0) (   0,    2) (   0,    0) (   0,    1) (   0,    1) (   0,    0) (   0,    1)
          (   0,    2) (   0,    0) (   0,    0) (   1,    2) (   0,    1) (   0,    0) (   0,    0) (   1,    0) (   0,    2) (   0,    0)
          (   2,    0) (   3,    0) (   2,    1) (   3,    0) (   0,    1) (   5,    0) (   2,    0) (   0,    2) (   0,    0) (   0,    1)
          (   0,    0) (   0,    2) (   0,    0) (   0,    0) (   0,    1) (   1,    0) (   0,    2) (   0,    0) (   0,    0) (   0,    0)
          (   0,    3) (   0,    2) (   0,    1) (   1,    0) (   0,    2) (   0,    0) (   1,    0) (   1,    1) (   0,    0) (   0,    0)
          (   5,    0) (   1,    1) (   0,    2) (   0,    1) (   0,    0) (   0,    0) (   1,    1) (   0,    1) (   2,    0) (   0,    0)
          (   1,    0) (   0,    1) (   3,    1) (   2,    1) (   0,    1) (   0,    0) (   1,    0) (   0,    3) (   0,    0) (   0,    0)
          (   3,    0) (   1,    2) (   0,    0) (   0,    0) (   0,    0) (   1,    0) (   2,    0) (   0,    5) (   0,    3) (   2,    1)
          (   0,    0) (   0,    0) (   0,    0) (   3,    0) (   0,    2) (   1,    0) (   0,    2) (   0,    1) (   0,    0) (   0,    0)
          (   0,    0) (   1,    0) (   1,    0) (   0,    2) (   0,    0) (   0,    0) (   1,    0) (   1,    0) (   0,    1) (   0,    1)
          (   0,    0) (   0,    0) (   0,    3) (   0,    0) (   0,    1) (   0,    2) (   0,    2) (   0,    0) (   0,    3) (   0,    0)
          (   0,    0) (   0,    1) (   0,    0) (   4,    0) (   0,    1) (   3,    0) (   5,    0) (   2,    0) (   5,    1) (   0,    1)
          (   0,    0) (   0,    0) (   0,    0) (   0,    0) (   0,    0) (   2,    0) (   0,    1) (   1,    0) (   0,    3) (   2,    0)
         
node   8 sent_total    451  recv_total    484

node   9  (   0,    0) (   0,    0) (   1,    0) (   0,    0) (   0,    1) (   0,    0) (   0,    0) (   0,    0) (   0,    1) (   1,    0)
          (   1,    0) (   0,    0) (   0,    0) (   5,    0) (   5,    0) (   5,    0) (   2,    1) (   0,    1) (   0,    0) (   0,    1)
          (   0,    0) (   0,    0) (   0,    1) (   0,    2) (   0,    0) (   0,    1) (   0,    1) (   2,    0) (   0,    1) (   1,    0)
          (   1,    0) (   5,    0) (   0,    1) (   3,    0) (   2,    1) (   1,    1) (   0,    0) (   1,    0) (   1,    1) (   0,    2)
          (   0,    1) (   0,    0) (   0,    0) (   0,    0) (   5,    0) (   5,    0) (   1,    1) (   0,    1) (   1,    0) (   1,    0)
          (   2,    0) (   1,    3) (   0,    0) (   0,    1) (   0,    3) (   0,    0) (   0,    1) (   0,    0) (   0,    1) (   0,    0)
          (   0,    2) (   0,    1) (   0,    0) (   0,    0) (   0,    0) (   0,    0) (   5,    0) (   1,    1) (   2,    1) (   3,    1)
          (   0,    0) (   0,    1) (   0,    2) (   1,    0) (   1,    0) (   0,    0) (   1,    1) (   0,    0) (   0,    1) (   0,    1)
          (   0,    1) (   0,    1) (   0,    0) (   0,    0) (   0,    1) (   1,    3) (   0,    0) (   4,    0) (   1,    2) (   0,    6)
          (   0,    0) (   0,    0) (   0,    1) (   2,    0) (   0,    0) (   1,    2) (   1,    1) (   1,    0) (   0,    0) (   1,    1)
          (   5,    1) (   0,    0) (   0,    0) (   4,    0) (   0,    2) (   0,    1) (   4,    0) (   5,    0) (   0,    2) (   3,    1)
          (   1,    1) (   1,    0) (   0,    0) (   1,    0) (   1,    0) (   5,    0) (   1,    1) (   2,    1) (   0,    0) (   0,    1)
          (   0,    0) (   1,    0) (   0,    2) (   0,    0) (   1,    0) (   0,    0) (   4,    0) (   0,    0) (   0,    0) (   0,    2)
          (   0,    2) (   0,    0) (   0,    0) (   0,    1) (   0,    0) (   1,    1) (   1,    2) (   0,    1) (   0,    0) (   5,    0)
          (   1,    0) (   2,    1) (   3,    1) (   0,    1) (   0,    0) (   0,    1) (   1,    0) (   0,    0) (   1,    1) (   0,    1)
          (   0,    1) (   0,    1) (   0,    0) (   0,    0) (   5,    0) (   1,    1) (   0,    0) (   0,    0) (   1,    0) (   1,    0)
          (   0,    1) (   0,    0) (   1,    2) (   0,    1) (   1,    0) (   0,    1) (   0,    0) (   0,    1) (   0,    4) (   1,    2)
          (   1,    0) (   0,    2) (   0,    1) (   0,    0) (   1,    0) (   0,    0) (   1,    0) (   2,    1) (   3,    1) (   5,    1)
          (   5,    0) (   0,    1) (   5,    0) (   0,    1) (   0,    1) (   0,    1) (   0,    0) (   0,    0) (   1,    0) (   1,    2)
          (   1,    1) (   0,    1) (   1,    0) (   0,    0) (   1,    2) (   0,    0) (   0,    0) (   0,    1) (   1,    1) (   1,    3)
          (   1,    0) (   0,    0) (   0,    0) (   0,    0) (   4,    0) (   0,    2) (   0,    1) (   0,    2) (   2,    1) (   0,    0)
          (   1,    1) (   0,    0) (   0,    0) (   0,    1) (   0,    1) (   0,    1) (   1,    0) (   0,    2) (   0,    0) (   0,    0)
          (   2,    0) (   5,    1) (   4,    0) (   0,    1) (   1,    0) (   3,    1) (   0,    1) (   4,    0) (   0,    2) (   0,    0)
          (   0,    0) (   0,    1) (   1,    0) (   2,    1) (   2,    1) (   0,    0) (   4,    0) (   0,    0) (   1,    0) (   0,    2)
          (   0,    2) (   0,    0) (   0,    0) (   0,    0) (   0,    1) (   0,    0) (   0,    1) (   0,    0) (   0,    2) (   0,    1)
          (   0,    2) (   0,    0) (   0,    2) (   1,    3) (   0,    0) (   0,    0) (   0,    0) (   0,    0) (   1,    0) (   0,    1)
          (   1,    0) (   3,    2) (   0,    1) (   0,    0) (   1,    0) (   0,    4) (   0,    0) (   0,    0) (   0,    0) (   0,    0)
          (   2,    0) (   1,    2) (   0,    1) (   1,    0) (   0,    1) (   0,    0) (   2,    0) (   3,    2) (   1,    1) (   2,    1)
          (   1,    1) (   0,    2) (   3,    0) (   0,    1) (   0,    0) (   1,    0) (   3,    1) (   0,    0) (   5,    0) (   1,    0)
          (   0,    1) (   1,    0) (   0,    2) (   0,    0) (   1,    2) (   0,    2) (   0,    0) (   0,    1) (   0,    1) (   0,    0)
          (   0,    0) (   0,    0) (   3,    1) (   0,    0) (   2,    0) (   0,    2) (   0,    1) (   3,    0) (   0,    1) (   0,    0)
          (   0,    3) (   0,    0) (   0,    0) (   0,    0) (   0,    1) (   0,    1) (   0,    0) (   1,    1) (   0,    2) (   1,    0)
          (   0,    4) (   0,    0) (   0,    0) (   0,    0) (   0,    0) (   0,    0) (   5,    0) (   3,    0) (   1,    1) (   3,    1)
          (   0,    1) (   0,    2) (   0,    0) (   0,    0) (   0,    1) (   0,    1) (   1,    0) (   3,    0) (   0,    2) (   1,    0)
          (   1,    1) (   0,    0) (   2,    0) (   2,    1) (   0,    0) (   0,    0) (   1,    0) (   3,    0) (   1,    2) (   0,    1)
          (   0,    1) (   0,    0) (   0,    0) (   0,    0) (   0,    0) (   5,    0) (   2,    1) (   1,    0) (   0,    1) (   3,    0)
          (   0,    1) (   0,    2) (   0,    0) (   0,    1) (   0,    0) (   0,    0) (   5,    0) (   0,    2) (   0,    0) (   2,    1)
          (   0,    1) (   1,    0) (   1,    1) (   4,    0) (   0,    2) (   0,    0) (   0,    1) (   0,    0) (   0,    1) (   0,    1)
          (   0,    5) (   0,    0) (   0,    1) (   0,    0) (   0,    0) (   5,    1) (   0,    0) (   1,    2) (   0,    0) (   0,    0)
          (   0,    1) (   0,    1) (   0,    0) (   0,    1) (   0,    0) (   0,    0) (   1,    2) (   0,    1) (   0,    0) (   0,    1)
          (   0,    0) (   1,    1) (   1,    4) (   0,    0) (   0,    0) (   2,    0) (   0,    4) (   0,    0) (   0,    0) (   0,    0)
          (   0,    1) (   1,    0) (   0,    1) (   0,    0) (   0,    4) (   0,    0) (   0,    0) (   0,    0) (   0,    0) (   5,    0)
          (   4,    2) (   0,    2) (   2,    1) (   0,    2) (   0,    0) (   0,    0) (   0,    1) (   0,    1) (   1,    0) (   0,    1)
          (   0,    1) (   0,    0) (   0,    0) (   0,    0) (   0,    0) (   5,    0) (   0,    3) (   0,    1) (   1,    0) (   2,    2)
          (   2,    2) (   0,    0) (   0,    0) (   0,    1) (   1,    0) (   1,    0) (   1,    1) (   0,    0) (   0,    2) (   1,    0)
          (   0,    0) (   0,    2) (   0,    0) (   0,    3) (   2,    0) (   0,    2) (   0,    2) (   0,    0) (   0,    0) (   0,    1)
          (   0,    0) (   0,    2) (   1,    1) (   1,    1) (   0,    2) (   1,    1) (   0,    1) (   0,    1) (   0,    2) (   0,    1)
          (   0,    0) (   0,    0) (   0,    0) (   3,    0) (   4,    0) (   5,    1) (   4,    0) (   3,    1) (   0,    2) (   0,    0)
          (   0,    0) (   0,    1) (   0,    0) (   0,    0) (   0,    0) (   2,    0) (   0,    2) (   0,    1) (   0,    0) (   0,    0)
          (   0,    0) (   5,    2) (   0,    5) (   1,    0) (   0,    0) (   0,    1) (   0,    0) (   5,    0) (   4,    0) (   1,    3)
          (   0,    2) (   1,    0) (   0,    2) (   1,    0) (   0,    0) (   0,    0) (   2,    0) (   5,    1) (   0,    2) (   0,    0)
          (   0,    0) (   0,    0) (   0,    0) (   1,    0) (   1,    1) (   0,    1) (   5,    0) (   3,    1) (   4,    1) (   2,    1)
          (   5,    1) (   1,    1) (   0,    4) (   0,    1) (   0,    0) (   0,    0) (   0,    0) (   2,    0) (   0,    4) (   0,    2)
          (   0,    1) (   5,    0) (   1,    0) (   1,    0) (   2,    1) (   0,    1) (   0,    0) (   0,    0) (   0,    0) (   0,    0)
          (   1,    0) (   2,    1) (   1,    3) (   0,    1) (   0,    0) (   0,    0) (   1,    0) (   3,    1) (   0,    2) (   0,    0)
          (   0,    2) (   0,    0) (   0,    3) (   1,    2) (   0,    0) (   0,    3) (   1,    0) (   0,    0) (   0,    0) (   0,    1)
          (   0,    0) (   0,    2) (   2,    0) (   0,    0) (   0,    0) (   0,    1) (   0,    0) (   0,    1) (   0,    0) (   5,    0)
          (   0,    1) (   0,    0) (   0,    0) (   1,    0) (   2,    1) (   0,    2) (   0,    1) (   0,    0) (   0,    0) (   0,    0)
          (   0,    3) (   0,    1) (   1,    1) (   3,    1) (   0,    0) (   1,    0) (   0,    0) (   3,    0) (   0,    1) (   1,    0)
          (   0,    4) (   1,    1) (   1,    1) (   0,    1) (   0,    2) (   0,    0) (   0,    2) (   0,    0) (   0,    0) (   2,    0)
          (   0,    4) (   1,    1) (   2,    1) (   2,    1) (   2,    1) (   3,    0) (   0,    1) (   0,    0) (   0,    0) (   5,    0)
          (   5,    0) (   5,    0) (   2,    1) (   4,    1) (   1,    3) (   0,    0) (   0,    0) (   0,    0) (   0,    1) (   0,    0)
          (   1,    1) (   1,    0) (   0,    1) (   0,    0) (   0,    0) (   0,    0) (   0,    0) (   0,    2) (   0,    2) (   0,    2)
          (   0,    0) (   0,    3) (   0,    0) (   4,    0) (   1,    0) (   0,    0) (   3,    0) (   3,    1) (   1,    1) (   0,    1)
          (   0,    2) (   0,    0) (   0,    1) (   0,    0) (   0,    0) (   0,    0) (   3,    1) (   2,    1) (   3,    2) (   0,    0)
          (   1,    0) (   0,    0) (   0,    0) (   5,    0) (   3,    0) (   2,    1) (   2,    2) (   0,    2) (   0,    0) (   0,    1)
          (   0,    1) (   1,    0) (   0,    0) (   0,    1) (   0,    0) (   0,    0) (   0,    1) (   0,    2) (   1,    1) (   1,    1)
          (   0,    0) (   0,    0) (   0,    0) (   1,    0) (   1,    2) (   0,    1) (   1,    5) (   3,    1) (   1,    0) (   0,    1)
          (   2,    0) (   0,    0) (   5,    0) (   1,    2) (   0,    0) (   0,    1) (   0,    1) (   0,    2) (   0,    3) (   0,    1)
          (   0,    0) (   0,    0) (   0,    0) (   0,    0) (   2,    0) (   1,    2) (   0,    1) (   3,    0) (   0,    1) (   0,    0)
         
node   9 sent_total    554  recv_total    481

node  10  (   0,    0) (   0,    0) (   1,    0) (   0,    0) (   0,    1) (   0,    0) (   0,    0) (   0,    0) (   0,    0) (   2,    0)
          (   0,    2) (   0,    0) (   0,    0) (   4,    0) (   5,    1) (   2,    1) (   0,    2) (   1,    2) (   0,    2) (   0,    2)
          (   0,    0) (   2,    0) (   5,    0) (   0,    1) (   0,    0) (   1,    2) (   1,    0) (   0,    1) (   0,    1) (   0,    1)
          (   0,    1) (   2,    0) (   0,    5) (   0,    1) (   0,    1) (   2,    0) (   0,    1) (   5,    0) (   2,    1) (   2,    0)
          (   0,    0) (   1,    0) (   0,    1) (   1,    0) (   0,    2) (   0,    1) (   3,    3) (   0,    0) (   0,    0) (   1,    0)
          (   1,    1) (   2,    1) (   0,    3) (   3,    0) (   0,    1) (   3,    0) (   4,    0) (   1,    1) (   0,    2) (   0,    1)
          (   0,    1) (   0,    0) (   0,    0) (   0,    1) (   0,    0) (   1,    0) (   0,    0) (   0,    0) (   0,    1) (   0,    0)
          (   0,    0) (   5,    2) (   4,    3) (   0,    1) (   0,    0) (   0,    0) (   0,    1) (   1,    0) (   5,    0) (   0,    0)
          (   0,    1) (   0,    2) (   0,    2) (   0,    1) (   0,    1) (   0,    0) (   3,    0) (   0,    1) (   0,    1) (   0,    0)
          (   0,    0) (   0,    1) (   0,    0) (   0,    1) (   0,    1) (   0,    2) (   0,    0) (   0,    1) (   1,    0) (   0,    2)
          (   3,    2) (   2,    1) (   0,    0) (   2,    0) (   3,    0) (   0,    3) (   0,    0) (   0,    2) (   0,    0) (   0,    0)
          (   5,    0) (   5,    0) (   5,    0) (   2,    0) (   0,    2) (   1,    0) (   0,    2) (   1,    0) (   0,    0) (   0,    0)
          (   0,    0) (   4,    2) (   4,    0) (   5,    0) (   4,    0) (   0,    1) (   5,    0) (   0,    1) (   1,    0) (   1,    2)
          (   2,    0) (   0,    4) (   0,    0) (   1,    0) (   1,    0) (   0,    2) (   3,    1) (   2,    0) (   1,    1) (   2,    0)
          (   2,    2) (   0,    0) (   0,    0) (   0,    0) (   0,    1) (   0,    0) (   0,    0) (   1,    0) (   1,    0) (   0,    3)
          (   0,    0) (   0,    0) (   0,    1) (   0,    0) (   1,    0) (   1,    3) (   0,    1) (   0,    1) (   0,    1) (   0,    0)
          (   0,    1) (   1,    0) (   0,    1) (   0,    0) (   0,    0) (   1,    0) (   2,    0) (   5,    2) (   0,    0) (   0,    1)
          (   1,    2) (   0,    2) (   0,    2) (   0,    0) (   0,    1) (   0,    3) (   0,    0) (   0,    2) (   0,    2) (   1,    0)
          (   0,    1) (   1,    2) (   0,    1) (   2,    2) (   0,    1) (   1,    0) (   3,    0) (   1,    0) (   4,    1) (   0,    2)
          (   0,    0) (   0,    1) (   0,    1) (   0,    3) (   0,    1) (   0,    1) (   1,    0) (   1,    0) (   5,    0) (   1,    3)
          (   0,    0) (   0,    1) (   0,    0) (   0,    0) (   0,    0) (   4,    1) (   2,    0) (   2,    1) (   3,    1) (   1,    2)
          (   4,    0) (   0,    1) (   2,    0) (   0,    1) (   0,    0) (   0,    0) (   1,    0) (   1,    3) (   1,    0) (   1,    1)
          (   0,    0) (   0,    1) (   1,    2) (   0,    0) (   2,    0) (   0,    0) (   0,    1) (   1,    0) (   1,    0) (   0,    1)
          (   1,    0) (   0,    0) (   4,    0) (   0,    5) (   0,    1) (   0,    1) (   0,    0) (   0,    1) (   0,    0) (   0,    2)
          (   0,    0) (   1,    0) (   0,    1) (   3,    1) (   2,    2) (   0,    2) (   0,    1) (   3,    1) (   1,    0) (   0,    1)
          (   0,    0) (   0,    0) (   2,    0) (   2,    1) (   0,    1) (   0,    0) (   0,    0) (   1,    0) (   0,    0) (   0,    0)
          (   5,    0) (   5,    0) (   1,    1) (   1,    0) (   2,    0) (   0,    1) (   0,    0) (   3,    0) (   0,    1) (   1,    0)
          (   4,    4) (   1,    0) (   0,    1) (   2,    0) (   1,    2) (   0,    0) (   2,    0) (   0,    1) (   0,    1) (   0,    0)
          (   0,    1) (   2,    0) (   1,    1) (   0,    2) (   0,    0) (   0,    1) (   0,    0) (   0,    0) (   1,    0) (   0,    2)
          (   0,    0) (   1,    0) (   0,    0) (   0,    0) (   1,    1) (   0,    1) (   0,    0) (   0,    1) (   0,    2) (   1,    0)
          (   0,    0) (   0,    2) (   0,    0) (   0,    3) (   0,    0) (   3,    0) (   1,    0) (   0,    0) (   0,    1) (   1,    0)
          (   1,    1) (   0,    1) (   0,    0) (   3,    1) (   0,    1) (   0,    1) (   0,    0) (   0,    1) (   0,    0) (   0,    0)
          (   1,    2) (   1,    1) (   0,    0) (   0,    2) (   0,    0) (   0,    1) (   0,    0) (   0,    4) (   0,    0) (   0,    0)
          (   1,    0) (   0,    1) (   5,    0) (   2,    1) (   3,    0) (   0,    1) (   0,    1) (   1,    1) (   0,    0) (   1,    0)
          (   0,    1) (   1,    1) (   1,    1) (   0,    0) (   0,    1) (   0,    0) (   1,    0) (   2,    2) (   0,    0) (   0,    1)
          (   0,    0) (   0,    0) (   0,    0) (   0,    1) (   2,    3) (   0,    0) (   0,    4) (   0,    1) (   0,    0) (   1,    0)
          (   0,    2) (   1,    1) (   1,    1) (   0,    1) (   0,    0) (   1,    0) (   3,    0) (   0,    1) (   2,    0) (   2,    1)
          (   5,    1) (   5,    0) (   0,    2) (   0,    2) (   0,    0) (   0,    0) (   0,    0) (   0,    1) (   0,    0) (   4,    1)
          (   0,    3) (   0,    0) (   0,    1) (   0,    0) (   0,    1) (   1,    0) (   0,    3) (   0,    1) (   0,    0) (   1,    1)
          (   1,    0) (   2,    0) (   3,    1) (   0,    0) (   2,    0) (   5,    1) (   0,    1) (   0,    0) (   1,    0) (   0,    1)
          (   0,    0) (   0,    2) (   0,    5) (   0,    0) (   0,    0) (   2,    0) (   1,    0) (   2,    1) (   1,    0) (   3,    0)
          (   0,    1) (   1,    1) (   1,    0) (   5,    1) (   1,    0) (   0,    2) (   0,    0) (   1,    0) (   0,    1) (   0,    1)
          (   0,    4) (   0,    4) (   1,    0) (   0,    1) (   0,    1) (   0,    0) (   0,    0) (   2,    0) (   0,    1) (   2,    0)
          (   0,    0) (   0,    0) (   0,    1) (   1,    0) (   1,    1) (   0,    1) (   0,    2) (   0,    0) (   1,    0) (   1,    0)
          (   0,    0) (   0,    1) (   1,    0) (   0,    3) (   0,    4) (   0,    1) (   0,    0) (   0,    1) (   0,    3) (   0,    0)
          (   1,    0) (   1,    0) (   5,    1) (   1,    1) (   2,    0) (   4,    1) (   1,    0) (   0,    1) (   4,    0) (   1,    2)
          (   0,    1) (   1,    1) (   0,    1) (   1,    0) (   0,    3) (   0,    0) (   0,    0) (   0,    1) (   0,    2) (   0,    2)
          (   0,    2) (   0,    0) (   0,    1) (   0,    0) (   0,    0) (   1,    1) (   0,    0) (   2,    2) (   2,    2) (   1,    0)
          (   1,    0) (   0,    0) (   2,    0) (   5,    0) (   1,    0) (   5,    2) (   0,    2) (   0,    0) (   0,    0) (   0,    1)
          (   0,    0) (   2,    1) (   1,    1) (   1,    1) (   0,    0) (   0,    1) (   0,    0) (   0,    0) (   0,    4) (   0,    3)
          (   0,    0) (   1,    1) (   0,    3) (   2,    0) (   0,    1) (   0,    0) (   0,    0) (   2,    1) (   0,    0) (   5,    0)
          (   1,    1) (   1,    0) (   0,    0) (   0,    1) (   0,    1) (   0,    0) (   0,    1) (   0,    1) (   0,    0) (   0,    3)
          (   0,    1) (   1,    1) (   0,    0) (   1,    2) (   0,    1) (   0,    0) (   0,    1) (   0,    0) (   0,    1) (   3,    0)
          (   2,    2) (   0,    0) (   0,    2) (   0,    0) (   0,    1) (   0,    0) (   0,    0) (   0,    0) (   1,    0) (   2,    0)
          (   2,    1) (   5,    1) (   0,    0) (   2,    0) (   1,    1) (   0,    2) (   0,    1) (   0,    2) (   0,    1) (   0,    0)
          (   2,    1) (   5,    1) (   5,    1) (   1,    2) (   3,    1) (   0,    2) (   0,    0) (   0,    1) (   0,    0) (   0,    0)
          (   2,    0) (   0,    5) (   0,    1) (   0,    1) (   0,    0) (   0,    0) (   1,    0) (   4,    0) (   2,    1) (   1,    1)
          (   0,    3) (   0,    0) (   0,    0) (   1,    1) (   0,    0) (   0,    0) (   3,    0) (   1,    1) (   4,    1) (   5,    1)
          (   1,    1) (   0,    0) (   1,    1) (   0,    2) (   0,    0) (   0,    0) (   0,    1) (   1,    0) (   0,    1) (   3,    0)
          (   0,    1) (   1,    0) (   0,    2) (   0,    0) (   0,    0) (   0,    0) (   0,    0) (   4,    0) (   1,    1) (   5,    1)
          (   5,    0) (   3,    0) (   1,    1) (   5,    1) (   0,    1) (   0,    1) (   0,    0) (   0,    0) (   0,    0) (   0,    1)
          (   0,    1) (   0,    0) (   0,    2) (   0,    0) (   0,    3) (   0,    0) (   0,    0) (   0,    2) (   0,    0) (   2,    0)
          (   0,    0) (   0,    2) (   3,    0) (   0,    0) (   0,    0) (   0,    0) (   1,    0) (   5,    1) (   0,    1) (   0,    0)
          (   0,    0) (   1,    1) (   0,    1) (   0,    2) (   0,    7) (   0,    0) (   0,    0) (   0,    0) (   1,    1) (   1,    2)
          (   1,    0) (   0,    2) (   0,    0) (   0,    0) (   1,    0) (   0,    1) (   0,    0) (   0,    3) (   0,    1) (   0,    1)
          (   2,    1) (   0,    0) (   0,    0) (   0,    0) (   0,    0) (   3,    1) (   5,    1) (   2,    0) (   0,    1) (   2,    0)
          (   0,    1) (   0,    0) (   0,    1) (   0,    0) (   0,    1) (   0,    1) (   1,    0) (   2,    1) (   3,    0) (   0,    2)
          (   0,    0) (   0,    0) (   0,    0) (   2,    0) (   1,    0) (   5,    1) (   0,    1) (   0,    0) (   0,    2) (   0,    1)
          (   0,    0) (   1,    1) (   0,    0) (   0,    2) (   0,    2) (   0,    1) (   0,    2) (   2,    1) (   1,    0) (   0,    1)
          (   0,    0) (   2,    0) (   1,    1) (   0,    1) (   5,    0) (   2,    4) (   0,    0) (   5,    0) (   0,    0) (   1,    0)
         
node  10 sent_total    574  recv_total    511

